[0.018s] Invoking command in '/home/peishi/devel/planning_scene/build/moveit_resources_panda_description': CMAKE_PREFIX_PATH=${CMAKE_PREFIX_PATH}:/opt/ros/humble /usr/bin/cmake /home/peishi/devel/planning_scene/src/moveit_resources/panda_description -DCMAKE_BUILD_TYPE=Release -DCMAKE_INSTALL_PREFIX=/home/peishi/devel/planning_scene/install/moveit_resources_panda_description
[0.028s] -- Found ament_cmake: 1.3.9 (/opt/ros/humble/share/ament_cmake/cmake)
[0.180s] -- Configuring done
[0.183s] -- Generating done
[0.184s] -- Build files have been written to: /home/peishi/devel/planning_scene/build/moveit_resources_panda_description
[0.186s] Invoked command in '/home/peishi/devel/planning_scene/build/moveit_resources_panda_description' returned '0': CMAKE_PREFIX_PATH=${CMAKE_PREFIX_PATH}:/opt/ros/humble /usr/bin/cmake /home/peishi/devel/planning_scene/src/moveit_resources/panda_description -DCMAKE_BUILD_TYPE=Release -DCMAKE_INSTALL_PREFIX=/home/peishi/devel/planning_scene/install/moveit_resources_panda_description
[0.186s] Invoking command in '/home/peishi/devel/planning_scene/build/moveit_resources_panda_description': CMAKE_PREFIX_PATH=${CMAKE_PREFIX_PATH}:/opt/ros/humble /usr/bin/cmake --build /home/peishi/devel/planning_scene/build/moveit_resources_panda_description -- -j28 -l28
[0.217s] Invoked command in '/home/peishi/devel/planning_scene/build/moveit_resources_panda_description' returned '0': CMAKE_PREFIX_PATH=${CMAKE_PREFIX_PATH}:/opt/ros/humble /usr/bin/cmake --build /home/peishi/devel/planning_scene/build/moveit_resources_panda_description -- -j28 -l28
[0.245s] Invoking command in '/home/peishi/devel/planning_scene/build/moveit_resources_panda_description': CMAKE_PREFIX_PATH=${CMAKE_PREFIX_PATH}:/opt/ros/humble /usr/bin/cmake --install /home/peishi/devel/planning_scene/build/moveit_resources_panda_description
[0.250s] -- Install configuration: "Release"
[0.250s] -- Up-to-date: /home/peishi/devel/planning_scene/install/moveit_resources_panda_description/share/ament_index/resource_index/package_run_dependencies/moveit_resources_panda_description
[0.250s] -- Up-to-date: /home/peishi/devel/planning_scene/install/moveit_resources_panda_description/share/ament_index/resource_index/parent_prefix_path/moveit_resources_panda_description
[0.250s] -- Up-to-date: /home/peishi/devel/planning_scene/install/moveit_resources_panda_description/share/moveit_resources_panda_description/environment/ament_prefix_path.sh
[0.250s] -- Installing: /home/peishi/devel/planning_scene/install/moveit_resources_panda_description/share/moveit_resources_panda_description/environment/ament_prefix_path.dsv
[0.250s] -- Up-to-date: /home/peishi/devel/planning_scene/install/moveit_resources_panda_description/share/moveit_resources_panda_description/environment/path.sh
[0.250s] -- Installing: /home/peishi/devel/planning_scene/install/moveit_resources_panda_description/share/moveit_resources_panda_description/environment/path.dsv
[0.250s] -- Up-to-date: /home/peishi/devel/planning_scene/install/moveit_resources_panda_description/share/moveit_resources_panda_description/local_setup.bash
[0.250s] -- Up-to-date: /home/peishi/devel/planning_scene/install/moveit_resources_panda_description/share/moveit_resources_panda_description/local_setup.sh
[0.250s] -- Up-to-date: /home/peishi/devel/planning_scene/install/moveit_resources_panda_description/share/moveit_resources_panda_description/local_setup.zsh
[0.250s] -- Installing: /home/peishi/devel/planning_scene/install/moveit_resources_panda_description/share/moveit_resources_panda_description/local_setup.dsv
[0.250s] -- Installing: /home/peishi/devel/planning_scene/install/moveit_resources_panda_description/share/moveit_resources_panda_description/package.dsv
[0.251s] -- Up-to-date: /home/peishi/devel/planning_scene/install/moveit_resources_panda_description/share/ament_index/resource_index/packages/moveit_resources_panda_description
[0.251s] -- Up-to-date: /home/peishi/devel/planning_scene/install/moveit_resources_panda_description/share/moveit_resources_panda_description/cmake/moveit_resources_panda_descriptionConfig.cmake
[0.251s] -- Up-to-date: /home/peishi/devel/planning_scene/install/moveit_resources_panda_description/share/moveit_resources_panda_description/cmake/moveit_resources_panda_descriptionConfig-version.cmake
[0.251s] -- Up-to-date: /home/peishi/devel/planning_scene/install/moveit_resources_panda_description/share/moveit_resources_panda_description/package.xml
[0.251s] -- Up-to-date: /home/peishi/devel/planning_scene/install/moveit_resources_panda_description/share/moveit_resources_panda_description/meshes
[0.251s] -- Up-to-date: /home/peishi/devel/planning_scene/install/moveit_resources_panda_description/share/moveit_resources_panda_description/meshes/collision
[0.251s] -- Up-to-date: /home/peishi/devel/planning_scene/install/moveit_resources_panda_description/share/moveit_resources_panda_description/meshes/collision/hand.stl
[0.251s] -- Up-to-date: /home/peishi/devel/planning_scene/install/moveit_resources_panda_description/share/moveit_resources_panda_description/meshes/collision/link6.stl
[0.251s] -- Up-to-date: /home/peishi/devel/planning_scene/install/moveit_resources_panda_description/share/moveit_resources_panda_description/meshes/collision/link3.stl
[0.251s] -- Up-to-date: /home/peishi/devel/planning_scene/install/moveit_resources_panda_description/share/moveit_resources_panda_description/meshes/collision/link1.stl
[0.251s] -- Up-to-date: /home/peishi/devel/planning_scene/install/moveit_resources_panda_description/share/moveit_resources_panda_description/meshes/collision/link4.stl
[0.251s] -- Up-to-date: /home/peishi/devel/planning_scene/install/moveit_resources_panda_description/share/moveit_resources_panda_description/meshes/collision/link7.stl
[0.252s] -- Up-to-date: /home/peishi/devel/planning_scene/install/moveit_resources_panda_description/share/moveit_resources_panda_description/meshes/collision/link0.stl
[0.252s] -- Up-to-date: /home/peishi/devel/planning_scene/install/moveit_resources_panda_description/share/moveit_resources_panda_description/meshes/collision/link2.stl
[0.252s] -- Up-to-date: /home/peishi/devel/planning_scene/install/moveit_resources_panda_description/share/moveit_resources_panda_description/meshes/collision/link5.stl
[0.252s] -- Up-to-date: /home/peishi/devel/planning_scene/install/moveit_resources_panda_description/share/moveit_resources_panda_description/meshes/collision/finger.stl
[0.252s] -- Up-to-date: /home/peishi/devel/planning_scene/install/moveit_resources_panda_description/share/moveit_resources_panda_description/meshes/visual
[0.252s] -- Up-to-date: /home/peishi/devel/planning_scene/install/moveit_resources_panda_description/share/moveit_resources_panda_description/meshes/visual/link5.dae
[0.252s] -- Up-to-date: /home/peishi/devel/planning_scene/install/moveit_resources_panda_description/share/moveit_resources_panda_description/meshes/visual/hand.dae
[0.252s] -- Up-to-date: /home/peishi/devel/planning_scene/install/moveit_resources_panda_description/share/moveit_resources_panda_description/meshes/visual/finger.dae
[0.252s] -- Up-to-date: /home/peishi/devel/planning_scene/install/moveit_resources_panda_description/share/moveit_resources_panda_description/meshes/visual/link3.dae
[0.252s] -- Up-to-date: /home/peishi/devel/planning_scene/install/moveit_resources_panda_description/share/moveit_resources_panda_description/meshes/visual/link6.dae
[0.252s] -- Up-to-date: /home/peishi/devel/planning_scene/install/moveit_resources_panda_description/share/moveit_resources_panda_description/meshes/visual/link0.dae
[0.252s] -- Up-to-date: /home/peishi/devel/planning_scene/install/moveit_resources_panda_description/share/moveit_resources_panda_description/meshes/visual/link7.dae
[0.252s] -- Up-to-date: /home/peishi/devel/planning_scene/install/moveit_resources_panda_description/share/moveit_resources_panda_description/meshes/visual/link4.dae
[0.252s] -- Up-to-date: /home/peishi/devel/planning_scene/install/moveit_resources_panda_description/share/moveit_resources_panda_description/meshes/visual/link2.dae
[0.252s] -- Up-to-date: /home/peishi/devel/planning_scene/install/moveit_resources_panda_description/share/moveit_resources_panda_description/meshes/visual/link1.dae
[0.252s] -- Up-to-date: /home/peishi/devel/planning_scene/install/moveit_resources_panda_description/share/moveit_resources_panda_description/urdf
[0.252s] -- Up-to-date: /home/peishi/devel/planning_scene/install/moveit_resources_panda_description/share/moveit_resources_panda_description/urdf/panda.urdf
[0.275s] Invoked command in '/home/peishi/devel/planning_scene/build/moveit_resources_panda_description' returned '0': CMAKE_PREFIX_PATH=${CMAKE_PREFIX_PATH}:/opt/ros/humble /usr/bin/cmake --install /home/peishi/devel/planning_scene/build/moveit_resources_panda_description
