[0.019s] Invoking command in '/home/peishi/devel/planning_scene/build/moveit_visual_tools': CMAKE_PREFIX_PATH=${CMAKE_PREFIX_PATH}:/opt/ros/humble /usr/bin/cmake /home/peishi/devel/planning_scene/src/moveit_visual_tools -DCMAKE_BUILD_TYPE=Release -DCMAKE_INSTALL_PREFIX=/home/peishi/devel/planning_scene/install/moveit_visual_tools
[0.031s] -- Found moveit_common: 2.5.5 (/home/peishi/devel/ws_moveit2/install/moveit_common/share/moveit_common/cmake)
[0.032s] -- Found ament_cmake: 1.3.9 (/opt/ros/humble/share/ament_cmake/cmake)
[0.174s] -- BACKWARD_HAS_UNWIND=1
[0.174s] -- BACKWARD_HAS_BACKTRACE=0
[0.174s] -- BACKWARD_HAS_BACKTRACE_SYMBOL=0
[0.174s] -- BACKWARD_HAS_DW=1
[0.174s] -- BACKWARD_HAS_BFD=0
[0.175s] -- Found Backward: /opt/ros/humble/share/backward_ros/cmake  
[0.178s] -- Found Boost: /usr/lib/x86_64-linux-gnu/cmake/Boost-1.74.0/BoostConfig.cmake (found version "1.74.0") found components: system 
[0.179s] -- Found geometry_msgs: 4.2.4 (/opt/ros/humble/share/geometry_msgs/cmake)
[0.197s] -- Found rosidl_generator_c: 3.1.5 (/opt/ros/humble/share/rosidl_generator_c/cmake)
[0.198s] -- Found rosidl_adapter: 3.1.5 (/opt/ros/humble/share/rosidl_adapter/cmake)
[0.202s] -- Found rosidl_generator_cpp: 3.1.5 (/opt/ros/humble/share/rosidl_generator_cpp/cmake)
[0.211s] -- Using all available rosidl_typesupport_c: rosidl_typesupport_fastrtps_c;rosidl_typesupport_introspection_c
[0.221s] -- Using all available rosidl_typesupport_cpp: rosidl_typesupport_fastrtps_cpp;rosidl_typesupport_introspection_cpp
[0.300s] -- Found graph_msgs: 0.2.0 (/opt/ros/humble/share/graph_msgs/cmake)
[0.361s] -- Found moveit_core: 2.5.5 (/home/peishi/devel/ws_moveit2/install/moveit_core/share/moveit_core/cmake)
[0.371s] -- Found Boost: /usr/lib/x86_64-linux-gnu/cmake/Boost-1.74.0/BoostConfig.cmake (found version "1.74.0") found components: chrono date_time filesystem iostreams program_options regex serialization system thread 
[0.391s] -- Found parameter_traits: 0.3.8 (/opt/ros/humble/share/parameter_traits/cmake)
[0.426s] -- Found rmw_implementation_cmake: 6.1.2 (/opt/ros/humble/share/rmw_implementation_cmake/cmake)
[0.427s] -- Found rmw_cyclonedds_cpp: 1.3.4 (/opt/ros/humble/share/rmw_cyclonedds_cpp/cmake)
[0.449s] -- Using RMW implementation 'rmw_cyclonedds_cpp' as default
[0.557s] -- Found rclcpp_lifecycle: 16.0.9 (/opt/ros/humble/share/rclcpp_lifecycle/cmake)
[0.589s] -- Found Boost: /usr/lib/x86_64-linux-gnu/cmake/Boost-1.74.0/BoostConfig.cmake (found version "1.74.0") found components: filesystem 
[0.624s] -- library: /usr/lib/x86_64-linux-gnu/libcurl.so
[0.837s] -- Ensuring Eigen3 include directory is part of orocos-kdl CMake target
[1.577s] -- Found moveit_ros_planning: 2.5.5 (/home/peishi/devel/ws_moveit2/install/moveit_ros_planning/share/moveit_ros_planning/cmake)
[1.581s] -- Found Boost: /usr/lib/x86_64-linux-gnu/cmake/Boost-1.74.0/BoostConfig.cmake (found version "1.74.0") found components: system filesystem date_time program_options thread chrono 
[1.891s] -- Found rviz_visual_tools: 4.1.4 (/opt/ros/humble/share/rviz_visual_tools/cmake)
[1.967s] -- Setting OGRE_DIR to: '/opt/ros/humble/share/rviz_ogre_vendor/cmake/../../../opt/rviz_ogre_vendor/lib/OGRE/cmake'
[1.968s] -- Found OGRE
[1.968s] --   static     : OFF
[1.968s] --   components : HLMS;MeshLodGenerator;Overlay;Paging;Property;RTShaderSystem;Terrain;Volume
[1.968s] --   plugins    : Plugin_BSPSceneManager;Plugin_OctreeSceneManager;Plugin_PCZSceneManager;Plugin_ParticleFX;RenderSystem_GL;RenderSystem_GL3Plus;Codec_STBI
[1.968s] --   media      : /opt/ros/humble/opt/rviz_ogre_vendor/share/OGRE/Media
[1.968s] -- OGRE_LIBRARIES: OgreHLMS;OgreMeshLodGenerator;OgreOverlay;OgrePaging;OgreProperty;OgreRTShaderSystem;OgreTerrain;OgreVolume;OgreMain
[1.969s] -- OGRE_LIBRARY_DIRS: /opt/ros/humble/opt/rviz_ogre_vendor/lib
[1.969s] -- OGRE_PLUGINS: Plugin_BSPSceneManager;Plugin_OctreeSceneManager;Plugin_PCZSceneManager;Plugin_ParticleFX;RenderSystem_GL;RenderSystem_GL3Plus;Codec_STBI
[1.969s] -- OGRE_PLUGIN_DIR: /opt/ros/humble/opt/rviz_ogre_vendor/lib/OGRE
[1.969s] -- rviz_ogre_vendor::OgreOverlay for IMPORTED_LOCATION_RELEASE: /opt/ros/humble/opt/rviz_ogre_vendor/lib/libOgreOverlay.so
[1.969s] -- rviz_ogre_vendor::OgreOverlay for IMPORTED_LOCATION_DEBUG: /opt/ros/humble/opt/rviz_ogre_vendor/lib/libOgreOverlay.so
[1.969s] -- rviz_ogre_vendor::OgreMain for IMPORTED_LOCATION_RELEASE: /opt/ros/humble/opt/rviz_ogre_vendor/lib/libOgreMain.so
[1.969s] -- rviz_ogre_vendor::OgreMain for IMPORTED_LOCATION_DEBUG: /opt/ros/humble/opt/rviz_ogre_vendor/lib/libOgreMain.so
[2.009s] -- rviz_ogre_vendor::RenderSystem_GL for IMPORTED_LOCATION_RELEASE: _render_system_gl_static_library_abs-NOTFOUND
[2.009s] -- rviz_ogre_vendor::RenderSystem_GL for IMPORTED_LOCATION_DEBUG: _render_system_gl_static_library_abs-NOTFOUND
[2.420s] -- Found ament_lint_auto: 0.12.11 (/opt/ros/humble/share/ament_lint_auto/cmake)
[2.424s] -- Added test 'copyright' to check source files copyright and LICENSE
[2.424s] -- Added test 'flake8' to check Python code syntax and style conventions
[2.425s] -- Added test 'lint_cmake' to check CMake code style
[2.425s] -- Added test 'pep257' to check Python code against some of the docstring style conventions in PEP 257
[2.426s] -- Added test 'xmllint' to check XML markup files
[2.426s] -- Configuring done
[2.462s] -- Generating done
[2.463s] -- Build files have been written to: /home/peishi/devel/planning_scene/build/moveit_visual_tools
[2.472s] Invoked command in '/home/peishi/devel/planning_scene/build/moveit_visual_tools' returned '0': CMAKE_PREFIX_PATH=${CMAKE_PREFIX_PATH}:/opt/ros/humble /usr/bin/cmake /home/peishi/devel/planning_scene/src/moveit_visual_tools -DCMAKE_BUILD_TYPE=Release -DCMAKE_INSTALL_PREFIX=/home/peishi/devel/planning_scene/install/moveit_visual_tools
[2.473s] Invoking command in '/home/peishi/devel/planning_scene/build/moveit_visual_tools': CMAKE_PREFIX_PATH=${CMAKE_PREFIX_PATH}:/opt/ros/humble /usr/bin/cmake --build /home/peishi/devel/planning_scene/build/moveit_visual_tools -- -j28 -l28
[2.519s] [35m[1mConsolidate compiler generated dependencies of target moveit_visual_tools[0m
[2.549s] [ 66%] Built target moveit_visual_tools
[2.563s] [35m[1mConsolidate compiler generated dependencies of target moveit_visual_tools_demo[0m
[2.591s] [100%] Built target moveit_visual_tools_demo
[2.604s] Invoked command in '/home/peishi/devel/planning_scene/build/moveit_visual_tools' returned '0': CMAKE_PREFIX_PATH=${CMAKE_PREFIX_PATH}:/opt/ros/humble /usr/bin/cmake --build /home/peishi/devel/planning_scene/build/moveit_visual_tools -- -j28 -l28
[2.654s] Invoking command in '/home/peishi/devel/planning_scene/build/moveit_visual_tools': CMAKE_PREFIX_PATH=${CMAKE_PREFIX_PATH}:/opt/ros/humble /usr/bin/cmake --install /home/peishi/devel/planning_scene/build/moveit_visual_tools
[2.664s] -- Install configuration: "Release"
[2.664s] -- Up-to-date: /home/peishi/devel/planning_scene/install/moveit_visual_tools/share/moveit_visual_tools/environment/library_path.sh
[2.664s] -- Installing: /home/peishi/devel/planning_scene/install/moveit_visual_tools/share/moveit_visual_tools/environment/library_path.dsv
[2.665s] -- Up-to-date: /home/peishi/devel/planning_scene/install/moveit_visual_tools/lib/libmoveit_visual_tools.so
[2.665s] -- Up-to-date: /home/peishi/devel/planning_scene/install/moveit_visual_tools/lib/moveit_visual_tools/moveit_visual_tools_demo
[2.665s] -- Up-to-date: /home/peishi/devel/planning_scene/install/moveit_visual_tools/include
[2.665s] -- Up-to-date: /home/peishi/devel/planning_scene/install/moveit_visual_tools/include/moveit_visual_tools
[2.665s] -- Up-to-date: /home/peishi/devel/planning_scene/install/moveit_visual_tools/include/moveit_visual_tools/imarker_end_effector.h
[2.665s] -- Up-to-date: /home/peishi/devel/planning_scene/install/moveit_visual_tools/include/moveit_visual_tools/moveit_visual_tools.h
[2.666s] -- Up-to-date: /home/peishi/devel/planning_scene/install/moveit_visual_tools/include/moveit_visual_tools/imarker_robot_state.h
[2.666s] -- Up-to-date: /home/peishi/devel/planning_scene/install/moveit_visual_tools/share/moveit_visual_tools/launch
[2.666s] -- Up-to-date: /home/peishi/devel/planning_scene/install/moveit_visual_tools/share/moveit_visual_tools/launch/demo.rviz
[2.666s] -- Up-to-date: /home/peishi/devel/planning_scene/install/moveit_visual_tools/share/moveit_visual_tools/launch/demo_rviz.launch.py
[2.666s] -- Up-to-date: /home/peishi/devel/planning_scene/install/moveit_visual_tools/share/moveit_visual_tools/resources
[2.666s] -- Up-to-date: /home/peishi/devel/planning_scene/install/moveit_visual_tools/share/moveit_visual_tools/resources/rrbot.urdf
[2.666s] -- Up-to-date: /home/peishi/devel/planning_scene/install/moveit_visual_tools/share/moveit_visual_tools/resources/screenshot.png
[2.666s] -- Up-to-date: /home/peishi/devel/planning_scene/install/moveit_visual_tools/share/moveit_visual_tools/resources/rrbot.srdf
[2.666s] -- Up-to-date: /home/peishi/devel/planning_scene/install/moveit_visual_tools/share/moveit_visual_tools/resources/demo.png
[2.666s] -- Up-to-date: /home/peishi/devel/planning_scene/install/moveit_visual_tools/share/moveit_visual_tools/resources/demo_mesh.stl
[2.666s] -- Up-to-date: /home/peishi/devel/planning_scene/install/moveit_visual_tools/share/ament_index/resource_index/package_run_dependencies/moveit_visual_tools
[2.666s] -- Up-to-date: /home/peishi/devel/planning_scene/install/moveit_visual_tools/share/ament_index/resource_index/parent_prefix_path/moveit_visual_tools
[2.666s] -- Up-to-date: /home/peishi/devel/planning_scene/install/moveit_visual_tools/share/moveit_visual_tools/environment/ament_prefix_path.sh
[2.667s] -- Installing: /home/peishi/devel/planning_scene/install/moveit_visual_tools/share/moveit_visual_tools/environment/ament_prefix_path.dsv
[2.667s] -- Up-to-date: /home/peishi/devel/planning_scene/install/moveit_visual_tools/share/moveit_visual_tools/environment/path.sh
[2.667s] -- Installing: /home/peishi/devel/planning_scene/install/moveit_visual_tools/share/moveit_visual_tools/environment/path.dsv
[2.667s] -- Up-to-date: /home/peishi/devel/planning_scene/install/moveit_visual_tools/share/moveit_visual_tools/local_setup.bash
[2.667s] -- Up-to-date: /home/peishi/devel/planning_scene/install/moveit_visual_tools/share/moveit_visual_tools/local_setup.sh
[2.667s] -- Up-to-date: /home/peishi/devel/planning_scene/install/moveit_visual_tools/share/moveit_visual_tools/local_setup.zsh
[2.667s] -- Installing: /home/peishi/devel/planning_scene/install/moveit_visual_tools/share/moveit_visual_tools/local_setup.dsv
[2.667s] -- Installing: /home/peishi/devel/planning_scene/install/moveit_visual_tools/share/moveit_visual_tools/package.dsv
[2.667s] -- Up-to-date: /home/peishi/devel/planning_scene/install/moveit_visual_tools/share/ament_index/resource_index/packages/moveit_visual_tools
[2.667s] -- Up-to-date: /home/peishi/devel/planning_scene/install/moveit_visual_tools/share/moveit_visual_tools/cmake/export_moveit_visual_toolsExport.cmake
[2.667s] -- Up-to-date: /home/peishi/devel/planning_scene/install/moveit_visual_tools/share/moveit_visual_tools/cmake/export_moveit_visual_toolsExport-release.cmake
[2.667s] -- Up-to-date: /home/peishi/devel/planning_scene/install/moveit_visual_tools/share/moveit_visual_tools/cmake/ament_cmake_export_targets-extras.cmake
[2.667s] -- Up-to-date: /home/peishi/devel/planning_scene/install/moveit_visual_tools/share/moveit_visual_tools/cmake/ament_cmake_export_dependencies-extras.cmake
[2.667s] -- Up-to-date: /home/peishi/devel/planning_scene/install/moveit_visual_tools/share/moveit_visual_tools/cmake/moveit_visual_toolsConfig.cmake
[2.667s] -- Up-to-date: /home/peishi/devel/planning_scene/install/moveit_visual_tools/share/moveit_visual_tools/cmake/moveit_visual_toolsConfig-version.cmake
[2.668s] -- Up-to-date: /home/peishi/devel/planning_scene/install/moveit_visual_tools/share/moveit_visual_tools/package.xml
[2.669s] Invoked command in '/home/peishi/devel/planning_scene/build/moveit_visual_tools' returned '0': CMAKE_PREFIX_PATH=${CMAKE_PREFIX_PATH}:/opt/ros/humble /usr/bin/cmake --install /home/peishi/devel/planning_scene/build/moveit_visual_tools
