[0.020s] Invoking command in '/home/peishi/devel/planning_scene/build/moveit_resources_fanuc_description': CMAKE_PREFIX_PATH=${CMAKE_PREFIX_PATH}:/opt/ros/humble /usr/bin/cmake /home/peishi/devel/planning_scene/src/moveit_resources/fanuc_description -DCMAKE_BUILD_TYPE=Release -DCMAKE_INSTALL_PREFIX=/home/peishi/devel/planning_scene/install/moveit_resources_fanuc_description
[0.028s] -- Found ament_cmake: 1.3.9 (/opt/ros/humble/share/ament_cmake/cmake)
[0.172s] -- Configuring done
[0.174s] -- Generating done
[0.174s] -- Build files have been written to: /home/peishi/devel/planning_scene/build/moveit_resources_fanuc_description
[0.178s] Invoked command in '/home/peishi/devel/planning_scene/build/moveit_resources_fanuc_description' returned '0': CMAKE_PREFIX_PATH=${CMAKE_PREFIX_PATH}:/opt/ros/humble /usr/bin/cmake /home/peishi/devel/planning_scene/src/moveit_resources/fanuc_description -DCMAKE_BUILD_TYPE=Release -DCMAKE_INSTALL_PREFIX=/home/peishi/devel/planning_scene/install/moveit_resources_fanuc_description
[0.180s] Invoking command in '/home/peishi/devel/planning_scene/build/moveit_resources_fanuc_description': CMAKE_PREFIX_PATH=${CMAKE_PREFIX_PATH}:/opt/ros/humble /usr/bin/cmake --build /home/peishi/devel/planning_scene/build/moveit_resources_fanuc_description -- -j28 -l28
[0.207s] Invoked command in '/home/peishi/devel/planning_scene/build/moveit_resources_fanuc_description' returned '0': CMAKE_PREFIX_PATH=${CMAKE_PREFIX_PATH}:/opt/ros/humble /usr/bin/cmake --build /home/peishi/devel/planning_scene/build/moveit_resources_fanuc_description -- -j28 -l28
[0.239s] Invoking command in '/home/peishi/devel/planning_scene/build/moveit_resources_fanuc_description': CMAKE_PREFIX_PATH=${CMAKE_PREFIX_PATH}:/opt/ros/humble /usr/bin/cmake --install /home/peishi/devel/planning_scene/build/moveit_resources_fanuc_description
[0.244s] -- Install configuration: "Release"
[0.244s] -- Up-to-date: /home/peishi/devel/planning_scene/install/moveit_resources_fanuc_description/share/ament_index/resource_index/package_run_dependencies/moveit_resources_fanuc_description
[0.244s] -- Up-to-date: /home/peishi/devel/planning_scene/install/moveit_resources_fanuc_description/share/ament_index/resource_index/parent_prefix_path/moveit_resources_fanuc_description
[0.244s] -- Up-to-date: /home/peishi/devel/planning_scene/install/moveit_resources_fanuc_description/share/moveit_resources_fanuc_description/environment/ament_prefix_path.sh
[0.244s] -- Installing: /home/peishi/devel/planning_scene/install/moveit_resources_fanuc_description/share/moveit_resources_fanuc_description/environment/ament_prefix_path.dsv
[0.244s] -- Up-to-date: /home/peishi/devel/planning_scene/install/moveit_resources_fanuc_description/share/moveit_resources_fanuc_description/environment/path.sh
[0.244s] -- Installing: /home/peishi/devel/planning_scene/install/moveit_resources_fanuc_description/share/moveit_resources_fanuc_description/environment/path.dsv
[0.244s] -- Up-to-date: /home/peishi/devel/planning_scene/install/moveit_resources_fanuc_description/share/moveit_resources_fanuc_description/local_setup.bash
[0.244s] -- Up-to-date: /home/peishi/devel/planning_scene/install/moveit_resources_fanuc_description/share/moveit_resources_fanuc_description/local_setup.sh
[0.244s] -- Up-to-date: /home/peishi/devel/planning_scene/install/moveit_resources_fanuc_description/share/moveit_resources_fanuc_description/local_setup.zsh
[0.244s] -- Installing: /home/peishi/devel/planning_scene/install/moveit_resources_fanuc_description/share/moveit_resources_fanuc_description/local_setup.dsv
[0.244s] -- Installing: /home/peishi/devel/planning_scene/install/moveit_resources_fanuc_description/share/moveit_resources_fanuc_description/package.dsv
[0.244s] -- Up-to-date: /home/peishi/devel/planning_scene/install/moveit_resources_fanuc_description/share/ament_index/resource_index/packages/moveit_resources_fanuc_description
[0.244s] -- Up-to-date: /home/peishi/devel/planning_scene/install/moveit_resources_fanuc_description/share/moveit_resources_fanuc_description/cmake/moveit_resources_fanuc_descriptionConfig.cmake
[0.244s] -- Up-to-date: /home/peishi/devel/planning_scene/install/moveit_resources_fanuc_description/share/moveit_resources_fanuc_description/cmake/moveit_resources_fanuc_descriptionConfig-version.cmake
[0.244s] -- Up-to-date: /home/peishi/devel/planning_scene/install/moveit_resources_fanuc_description/share/moveit_resources_fanuc_description/package.xml
[0.244s] -- Up-to-date: /home/peishi/devel/planning_scene/install/moveit_resources_fanuc_description/share/moveit_resources_fanuc_description/meshes
[0.244s] -- Up-to-date: /home/peishi/devel/planning_scene/install/moveit_resources_fanuc_description/share/moveit_resources_fanuc_description/meshes/collision
[0.244s] -- Up-to-date: /home/peishi/devel/planning_scene/install/moveit_resources_fanuc_description/share/moveit_resources_fanuc_description/meshes/collision/link_6.stl
[0.244s] -- Up-to-date: /home/peishi/devel/planning_scene/install/moveit_resources_fanuc_description/share/moveit_resources_fanuc_description/meshes/collision/base_link.stl
[0.244s] -- Up-to-date: /home/peishi/devel/planning_scene/install/moveit_resources_fanuc_description/share/moveit_resources_fanuc_description/meshes/collision/link_4.stl
[0.244s] -- Up-to-date: /home/peishi/devel/planning_scene/install/moveit_resources_fanuc_description/share/moveit_resources_fanuc_description/meshes/collision/link_3.stl
[0.244s] -- Up-to-date: /home/peishi/devel/planning_scene/install/moveit_resources_fanuc_description/share/moveit_resources_fanuc_description/meshes/collision/link_5.stl
[0.244s] -- Up-to-date: /home/peishi/devel/planning_scene/install/moveit_resources_fanuc_description/share/moveit_resources_fanuc_description/meshes/collision/link_2.stl
[0.245s] -- Up-to-date: /home/peishi/devel/planning_scene/install/moveit_resources_fanuc_description/share/moveit_resources_fanuc_description/meshes/collision/link_1.stl
[0.245s] -- Up-to-date: /home/peishi/devel/planning_scene/install/moveit_resources_fanuc_description/share/moveit_resources_fanuc_description/meshes/visual
[0.245s] -- Up-to-date: /home/peishi/devel/planning_scene/install/moveit_resources_fanuc_description/share/moveit_resources_fanuc_description/meshes/visual/link_6.stl
[0.245s] -- Up-to-date: /home/peishi/devel/planning_scene/install/moveit_resources_fanuc_description/share/moveit_resources_fanuc_description/meshes/visual/base_link.stl
[0.245s] -- Up-to-date: /home/peishi/devel/planning_scene/install/moveit_resources_fanuc_description/share/moveit_resources_fanuc_description/meshes/visual/link_4.stl
[0.245s] -- Up-to-date: /home/peishi/devel/planning_scene/install/moveit_resources_fanuc_description/share/moveit_resources_fanuc_description/meshes/visual/link_3.stl
[0.245s] -- Up-to-date: /home/peishi/devel/planning_scene/install/moveit_resources_fanuc_description/share/moveit_resources_fanuc_description/meshes/visual/link_5.stl
[0.245s] -- Up-to-date: /home/peishi/devel/planning_scene/install/moveit_resources_fanuc_description/share/moveit_resources_fanuc_description/meshes/visual/link_2.stl
[0.245s] -- Up-to-date: /home/peishi/devel/planning_scene/install/moveit_resources_fanuc_description/share/moveit_resources_fanuc_description/meshes/visual/link_1.stl
[0.245s] -- Up-to-date: /home/peishi/devel/planning_scene/install/moveit_resources_fanuc_description/share/moveit_resources_fanuc_description/urdf
[0.245s] -- Up-to-date: /home/peishi/devel/planning_scene/install/moveit_resources_fanuc_description/share/moveit_resources_fanuc_description/urdf/fanuc.urdf
[0.246s] Invoked command in '/home/peishi/devel/planning_scene/build/moveit_resources_fanuc_description' returned '0': CMAKE_PREFIX_PATH=${CMAKE_PREFIX_PATH}:/opt/ros/humble /usr/bin/cmake --install /home/peishi/devel/planning_scene/build/moveit_resources_fanuc_description
