[0.020s] Invoking command in '/home/peishi/devel/planning_scene/build/moveit_resources_panda_description': CMAKE_PREFIX_PATH=${CMAKE_PREFIX_PATH}:/opt/ros/humble /usr/bin/cmake /home/peishi/devel/planning_scene/src/moveit_resources/panda_description -DCMAKE_INSTALL_PREFIX=/home/peishi/devel/planning_scene/install/moveit_resources_panda_description
[0.101s] -- The C compiler identification is GNU 11.4.0
[0.152s] -- The CXX compiler identification is GNU 11.4.0
[0.156s] -- Detecting C compiler ABI info
[0.208s] -- Detecting C compiler ABI info - done
[0.213s] -- Check for working C compiler: /usr/bin/cc - skipped
[0.213s] -- Detecting C compile features
[0.213s] -- Detecting C compile features - done
[0.215s] -- Detecting CXX compiler ABI info
[0.287s] -- Detecting CXX compiler ABI info - done
[0.294s] -- Check for working CXX compiler: /usr/bin/c++ - skipped
[0.295s] -- Detecting CXX compile features
[0.295s] -- Detecting CXX compile features - done
[0.299s] -- Found ament_cmake: 1.3.9 (/opt/ros/humble/share/ament_cmake/cmake)
[0.427s] -- Found Python3: /usr/bin/python3 (found version "3.10.12") found components: Interpreter 
[0.578s] -- Configuring done
[0.579s] -- Generating done
[0.580s] -- Build files have been written to: /home/peishi/devel/planning_scene/build/moveit_resources_panda_description
[0.584s] Invoked command in '/home/peishi/devel/planning_scene/build/moveit_resources_panda_description' returned '0': CMAKE_PREFIX_PATH=${CMAKE_PREFIX_PATH}:/opt/ros/humble /usr/bin/cmake /home/peishi/devel/planning_scene/src/moveit_resources/panda_description -DCMAKE_INSTALL_PREFIX=/home/peishi/devel/planning_scene/install/moveit_resources_panda_description
[0.586s] Invoking command in '/home/peishi/devel/planning_scene/build/moveit_resources_panda_description': CMAKE_PREFIX_PATH=${CMAKE_PREFIX_PATH}:/opt/ros/humble /usr/bin/cmake --build /home/peishi/devel/planning_scene/build/moveit_resources_panda_description -- -j28 -l28
[0.611s] Invoked command in '/home/peishi/devel/planning_scene/build/moveit_resources_panda_description' returned '0': CMAKE_PREFIX_PATH=${CMAKE_PREFIX_PATH}:/opt/ros/humble /usr/bin/cmake --build /home/peishi/devel/planning_scene/build/moveit_resources_panda_description -- -j28 -l28
[0.643s] Invoking command in '/home/peishi/devel/planning_scene/build/moveit_resources_panda_description': CMAKE_PREFIX_PATH=${CMAKE_PREFIX_PATH}:/opt/ros/humble /usr/bin/cmake --install /home/peishi/devel/planning_scene/build/moveit_resources_panda_description
[0.652s] -- Install configuration: ""
[0.652s] -- Installing: /home/peishi/devel/planning_scene/install/moveit_resources_panda_description/share/ament_index/resource_index/package_run_dependencies/moveit_resources_panda_description
[0.652s] -- Installing: /home/peishi/devel/planning_scene/install/moveit_resources_panda_description/share/ament_index/resource_index/parent_prefix_path/moveit_resources_panda_description
[0.652s] -- Installing: /home/peishi/devel/planning_scene/install/moveit_resources_panda_description/share/moveit_resources_panda_description/environment/ament_prefix_path.sh
[0.652s] -- Installing: /home/peishi/devel/planning_scene/install/moveit_resources_panda_description/share/moveit_resources_panda_description/environment/ament_prefix_path.dsv
[0.652s] -- Installing: /home/peishi/devel/planning_scene/install/moveit_resources_panda_description/share/moveit_resources_panda_description/environment/path.sh
[0.653s] -- Installing: /home/peishi/devel/planning_scene/install/moveit_resources_panda_description/share/moveit_resources_panda_description/environment/path.dsv
[0.653s] -- Installing: /home/peishi/devel/planning_scene/install/moveit_resources_panda_description/share/moveit_resources_panda_description/local_setup.bash
[0.653s] -- Installing: /home/peishi/devel/planning_scene/install/moveit_resources_panda_description/share/moveit_resources_panda_description/local_setup.sh
[0.653s] -- Installing: /home/peishi/devel/planning_scene/install/moveit_resources_panda_description/share/moveit_resources_panda_description/local_setup.zsh
[0.653s] -- Installing: /home/peishi/devel/planning_scene/install/moveit_resources_panda_description/share/moveit_resources_panda_description/local_setup.dsv
[0.653s] -- Installing: /home/peishi/devel/planning_scene/install/moveit_resources_panda_description/share/moveit_resources_panda_description/package.dsv
[0.653s] -- Installing: /home/peishi/devel/planning_scene/install/moveit_resources_panda_description/share/ament_index/resource_index/packages/moveit_resources_panda_description
[0.653s] -- Installing: /home/peishi/devel/planning_scene/install/moveit_resources_panda_description/share/moveit_resources_panda_description/cmake/moveit_resources_panda_descriptionConfig.cmake
[0.653s] -- Installing: /home/peishi/devel/planning_scene/install/moveit_resources_panda_description/share/moveit_resources_panda_description/cmake/moveit_resources_panda_descriptionConfig-version.cmake
[0.653s] -- Installing: /home/peishi/devel/planning_scene/install/moveit_resources_panda_description/share/moveit_resources_panda_description/package.xml
[0.653s] -- Installing: /home/peishi/devel/planning_scene/install/moveit_resources_panda_description/share/moveit_resources_panda_description/meshes
[0.653s] -- Installing: /home/peishi/devel/planning_scene/install/moveit_resources_panda_description/share/moveit_resources_panda_description/meshes/collision
[0.653s] -- Installing: /home/peishi/devel/planning_scene/install/moveit_resources_panda_description/share/moveit_resources_panda_description/meshes/collision/hand.stl
[0.654s] -- Installing: /home/peishi/devel/planning_scene/install/moveit_resources_panda_description/share/moveit_resources_panda_description/meshes/collision/link6.stl
[0.654s] -- Installing: /home/peishi/devel/planning_scene/install/moveit_resources_panda_description/share/moveit_resources_panda_description/meshes/collision/link3.stl
[0.654s] -- Installing: /home/peishi/devel/planning_scene/install/moveit_resources_panda_description/share/moveit_resources_panda_description/meshes/collision/link1.stl
[0.654s] -- Installing: /home/peishi/devel/planning_scene/install/moveit_resources_panda_description/share/moveit_resources_panda_description/meshes/collision/link4.stl
[0.654s] -- Installing: /home/peishi/devel/planning_scene/install/moveit_resources_panda_description/share/moveit_resources_panda_description/meshes/collision/link7.stl
[0.654s] -- Installing: /home/peishi/devel/planning_scene/install/moveit_resources_panda_description/share/moveit_resources_panda_description/meshes/collision/link0.stl
[0.654s] -- Installing: /home/peishi/devel/planning_scene/install/moveit_resources_panda_description/share/moveit_resources_panda_description/meshes/collision/link2.stl
[0.654s] -- Installing: /home/peishi/devel/planning_scene/install/moveit_resources_panda_description/share/moveit_resources_panda_description/meshes/collision/link5.stl
[0.654s] -- Installing: /home/peishi/devel/planning_scene/install/moveit_resources_panda_description/share/moveit_resources_panda_description/meshes/collision/finger.stl
[0.654s] -- Installing: /home/peishi/devel/planning_scene/install/moveit_resources_panda_description/share/moveit_resources_panda_description/meshes/visual
[0.654s] -- Installing: /home/peishi/devel/planning_scene/install/moveit_resources_panda_description/share/moveit_resources_panda_description/meshes/visual/link5.dae
[0.655s] -- Installing: /home/peishi/devel/planning_scene/install/moveit_resources_panda_description/share/moveit_resources_panda_description/meshes/visual/hand.dae
[0.656s] -- Installing: /home/peishi/devel/planning_scene/install/moveit_resources_panda_description/share/moveit_resources_panda_description/meshes/visual/finger.dae
[0.656s] -- Installing: /home/peishi/devel/planning_scene/install/moveit_resources_panda_description/share/moveit_resources_panda_description/meshes/visual/link3.dae
[0.657s] -- Installing: /home/peishi/devel/planning_scene/install/moveit_resources_panda_description/share/moveit_resources_panda_description/meshes/visual/link6.dae
[0.657s] -- Installing: /home/peishi/devel/planning_scene/install/moveit_resources_panda_description/share/moveit_resources_panda_description/meshes/visual/link0.dae
[0.658s] -- Installing: /home/peishi/devel/planning_scene/install/moveit_resources_panda_description/share/moveit_resources_panda_description/meshes/visual/link7.dae
[0.658s] -- Installing: /home/peishi/devel/planning_scene/install/moveit_resources_panda_description/share/moveit_resources_panda_description/meshes/visual/link4.dae
[0.658s] -- Installing: /home/peishi/devel/planning_scene/install/moveit_resources_panda_description/share/moveit_resources_panda_description/meshes/visual/link2.dae
[0.658s] -- Installing: /home/peishi/devel/planning_scene/install/moveit_resources_panda_description/share/moveit_resources_panda_description/meshes/visual/link1.dae
[0.659s] -- Installing: /home/peishi/devel/planning_scene/install/moveit_resources_panda_description/share/moveit_resources_panda_description/urdf
[0.659s] -- Installing: /home/peishi/devel/planning_scene/install/moveit_resources_panda_description/share/moveit_resources_panda_description/urdf/panda.urdf
[0.674s] Invoked command in '/home/peishi/devel/planning_scene/build/moveit_resources_panda_description' returned '0': CMAKE_PREFIX_PATH=${CMAKE_PREFIX_PATH}:/opt/ros/humble /usr/bin/cmake --install /home/peishi/devel/planning_scene/build/moveit_resources_panda_description
