-- Found moveit_common: 2.5.5 (/home/peishi/devel/ws_moveit2/install/moveit_common/share/moveit_common/cmake)
-- Found ament_cmake: 1.3.9 (/opt/ros/humble/share/ament_cmake/cmake)
-- BACKWARD_HAS_UNWIND=1
-- BACKWARD_HAS_BACKTRACE=0
-- BACKWARD_HAS_BACKTRACE_SYMBOL=0
-- BACKWARD_HAS_DW=1
-- BACKWARD_HAS_BFD=0
-- Found Backward: /opt/ros/humble/share/backward_ros/cmake  
[0mperception_pipeline: You did not request a specific build type: Choosing 'Release' for maximum performance[0m
-- Found Boost: /usr/lib/x86_64-linux-gnu/cmake/Boost-1.74.0/BoostConfig.cmake (found version "1.74.0") found components: system filesystem date_time thread 
-- Found control_msgs: 4.6.0 (/opt/ros/humble/share/control_msgs/cmake)
-- Found rosidl_generator_c: 3.1.5 (/opt/ros/humble/share/rosidl_generator_c/cmake)
-- Found rosidl_adapter: 3.1.5 (/opt/ros/humble/share/rosidl_adapter/cmake)
-- Found rosidl_generator_cpp: 3.1.5 (/opt/ros/humble/share/rosidl_generator_cpp/cmake)
-- Using all available rosidl_typesupport_c: rosidl_typesupport_fastrtps_c;rosidl_typesupport_introspection_c
-- Using all available rosidl_typesupport_cpp: rosidl_typesupport_fastrtps_cpp;rosidl_typesupport_introspection_cpp
-- Found moveit_core: 2.5.5 (/home/peishi/devel/ws_moveit2/install/moveit_core/share/moveit_core/cmake)
-- Found Boost: /usr/lib/x86_64-linux-gnu/cmake/Boost-1.74.0/BoostConfig.cmake (found version "1.74.0") found components: chrono date_time filesystem iostreams program_options regex serialization system thread 
-- Found parameter_traits: 0.3.8 (/opt/ros/humble/share/parameter_traits/cmake)
-- Found rmw_implementation_cmake: 6.1.2 (/opt/ros/humble/share/rmw_implementation_cmake/cmake)
-- Found rmw_cyclonedds_cpp: 1.3.4 (/opt/ros/humble/share/rmw_cyclonedds_cpp/cmake)
-- Using RMW implementation 'rmw_cyclonedds_cpp' as default
-- Found rclcpp_lifecycle: 16.0.9 (/opt/ros/humble/share/rclcpp_lifecycle/cmake)
-- Found Boost: /usr/lib/x86_64-linux-gnu/cmake/Boost-1.74.0/BoostConfig.cmake (found version "1.74.0") found components: filesystem 
-- library: /usr/lib/x86_64-linux-gnu/libcurl.so
-- Ensuring Eigen3 include directory is part of orocos-kdl CMake target
-- Found moveit_task_constructor_core: 0.1.3 (/home/peishi/devel/ws_moveit2/install/moveit_task_constructor_core/share/moveit_task_constructor_core/cmake)
-- Found Boost: /usr/lib/x86_64-linux-gnu/cmake/Boost-1.74.0/BoostConfig.cmake (found version "1.74.0") found components: system filesystem date_time program_options thread chrono 
-- Found Boost: /usr/lib/x86_64-linux-gnu/cmake/Boost-1.74.0/BoostConfig.cmake (found version "1.74.0") found components: date_time filesystem program_options system thread 
-- Found Boost: /usr/lib/x86_64-linux-gnu/cmake/Boost-1.74.0/BoostConfig.cmake (found version "1.74.0") found components: thread system filesystem regex date_time program_options 
-- Found Boost: /usr/lib/x86_64-linux-gnu/cmake/Boost-1.74.0/BoostConfig.cmake (found version "1.74.0") found components: system filesystem date_time program_options thread 
-- Found moveit_ros_perception: 2.5.5 (/home/peishi/devel/ws_moveit2/install/moveit_ros_perception/share/moveit_ros_perception/cmake)
-- Found Boost: /usr/lib/x86_64-linux-gnu/cmake/Boost-1.74.0/BoostConfig.cmake (found version "1.74.0") found components: thread 
-- Found interactive_markers: 2.3.2 (/opt/ros/humble/share/interactive_markers/cmake)
-- Found rviz_visual_tools: 4.1.4 (/opt/ros/humble/share/rviz_visual_tools/cmake)
-- Setting OGRE_DIR to: '/opt/ros/humble/share/rviz_ogre_vendor/cmake/../../../opt/rviz_ogre_vendor/lib/OGRE/cmake'
-- Found OGRE
--   static     : OFF
--   components : HLMS;MeshLodGenerator;Overlay;Paging;Property;RTShaderSystem;Terrain;Volume
--   plugins    : Plugin_BSPSceneManager;Plugin_OctreeSceneManager;Plugin_PCZSceneManager;Plugin_ParticleFX;RenderSystem_GL;RenderSystem_GL3Plus;Codec_STBI
--   media      : /opt/ros/humble/opt/rviz_ogre_vendor/share/OGRE/Media
-- OGRE_LIBRARIES: OgreHLMS;OgreMeshLodGenerator;OgreOverlay;OgrePaging;OgreProperty;OgreRTShaderSystem;OgreTerrain;OgreVolume;OgreMain
-- OGRE_LIBRARY_DIRS: /opt/ros/humble/opt/rviz_ogre_vendor/lib
-- OGRE_PLUGINS: Plugin_BSPSceneManager;Plugin_OctreeSceneManager;Plugin_PCZSceneManager;Plugin_ParticleFX;RenderSystem_GL;RenderSystem_GL3Plus;Codec_STBI
-- OGRE_PLUGIN_DIR: /opt/ros/humble/opt/rviz_ogre_vendor/lib/OGRE
-- rviz_ogre_vendor::OgreOverlay for IMPORTED_LOCATION_RELEASE: /opt/ros/humble/opt/rviz_ogre_vendor/lib/libOgreOverlay.so
-- rviz_ogre_vendor::OgreOverlay for IMPORTED_LOCATION_DEBUG: /opt/ros/humble/opt/rviz_ogre_vendor/lib/libOgreOverlay.so
-- rviz_ogre_vendor::OgreMain for IMPORTED_LOCATION_RELEASE: /opt/ros/humble/opt/rviz_ogre_vendor/lib/libOgreMain.so
-- rviz_ogre_vendor::OgreMain for IMPORTED_LOCATION_DEBUG: /opt/ros/humble/opt/rviz_ogre_vendor/lib/libOgreMain.so
-- rviz_ogre_vendor::RenderSystem_GL for IMPORTED_LOCATION_RELEASE: _render_system_gl_static_library_abs-NOTFOUND
-- rviz_ogre_vendor::RenderSystem_GL for IMPORTED_LOCATION_DEBUG: _render_system_gl_static_library_abs-NOTFOUND
-- Found moveit_visual_tools: 4.1.0 (/home/peishi/devel/planning_scene/install/moveit_visual_tools/share/moveit_visual_tools/cmake)
-- Found pcl_ros: 2.4.0 (/opt/ros/humble/share/pcl_ros/cmake)
-- Eigen found (include: /usr/include/eigen3, version: 3.4.0)
-- FLANN found (include: /usr/include, lib: /usr/lib/x86_64-linux-gnu/libflann_cpp.so)
-- OpenNI found (version: 1.5.4.0, include: /usr/include/ni, lib: /usr/lib/libOpenNI.so;libusb::libusb)
-- OpenNI2 found (version: 2.2.0.33, include: /usr/include/openni2, lib: /usr/lib/x86_64-linux-gnu/libOpenNI2.so;libusb::libusb)
-- Eigen found (include: /usr/include/eigen3, version: 3.4.0)
-- OpenNI found (version: 1.5.4.0, include: /usr/include/ni, lib: /usr/lib/libOpenNI.so;libusb::libusb)
-- OpenNI2 found (version: 2.2.0.33, include: /usr/include/openni2, lib: /usr/lib/x86_64-linux-gnu/libOpenNI2.so;libusb::libusb)
-- Found Qhull version 8.0.2
-- OpenNI found (version: 1.5.4.0, include: /usr/include/ni, lib: /usr/lib/libOpenNI.so;libusb::libusb)
-- Configuring done
-- Generating done
-- Build files have been written to: /home/peishi/devel/planning_scene/build/perception_pipeline
-- Install configuration: "Release"
-- Installing: /home/peishi/devel/planning_scene/install/perception_pipeline/share/perception_pipeline/urdf
-- Installing: /home/peishi/devel/planning_scene/install/perception_pipeline/share/perception_pipeline/urdf/realsense_d435
-- Installing: /home/peishi/devel/planning_scene/install/perception_pipeline/share/perception_pipeline/urdf/realsense_d435/camera.urdf.xacro
-- Installing: /home/peishi/devel/planning_scene/install/perception_pipeline/share/perception_pipeline/urdf/realsense_d435/macros.xacro
-- Installing: /home/peishi/devel/planning_scene/install/perception_pipeline/share/perception_pipeline/launch
-- Installing: /home/peishi/devel/planning_scene/install/perception_pipeline/share/perception_pipeline/launch/depth_camera_environment.launch.py
-- Installing: /home/peishi/devel/planning_scene/install/perception_pipeline/share/perception_pipeline/launch/perception_pipeline_demo.launch.py
-- Installing: /home/peishi/devel/planning_scene/install/perception_pipeline/share/perception_pipeline/meshes
-- Installing: /home/peishi/devel/planning_scene/install/perception_pipeline/share/perception_pipeline/meshes/d435.dae
-- Installing: /home/peishi/devel/planning_scene/install/perception_pipeline/share/perception_pipeline/config
-- Installing: /home/peishi/devel/planning_scene/install/perception_pipeline/share/perception_pipeline/config/sensors_3d.yaml
-- Installing: /home/peishi/devel/planning_scene/install/perception_pipeline/share/perception_pipeline/worlds
-- Installing: /home/peishi/devel/planning_scene/install/perception_pipeline/share/perception_pipeline/worlds/perception_pipeline_demo.world
-- Installing: /home/peishi/devel/planning_scene/install/perception_pipeline/share/perception_pipeline/rviz2
-- Installing: /home/peishi/devel/planning_scene/install/perception_pipeline/share/perception_pipeline/rviz2/depth_camera_environment.rviz
-- Installing: /home/peishi/devel/planning_scene/install/perception_pipeline/share/ament_index/resource_index/package_run_dependencies/perception_pipeline
-- Installing: /home/peishi/devel/planning_scene/install/perception_pipeline/share/ament_index/resource_index/parent_prefix_path/perception_pipeline
-- Installing: /home/peishi/devel/planning_scene/install/perception_pipeline/share/perception_pipeline/environment/ament_prefix_path.sh
-- Installing: /home/peishi/devel/planning_scene/install/perception_pipeline/share/perception_pipeline/environment/ament_prefix_path.dsv
-- Installing: /home/peishi/devel/planning_scene/install/perception_pipeline/share/perception_pipeline/environment/path.sh
-- Installing: /home/peishi/devel/planning_scene/install/perception_pipeline/share/perception_pipeline/environment/path.dsv
-- Installing: /home/peishi/devel/planning_scene/install/perception_pipeline/share/perception_pipeline/local_setup.bash
-- Installing: /home/peishi/devel/planning_scene/install/perception_pipeline/share/perception_pipeline/local_setup.sh
-- Installing: /home/peishi/devel/planning_scene/install/perception_pipeline/share/perception_pipeline/local_setup.zsh
-- Installing: /home/peishi/devel/planning_scene/install/perception_pipeline/share/perception_pipeline/local_setup.dsv
-- Installing: /home/peishi/devel/planning_scene/install/perception_pipeline/share/perception_pipeline/package.dsv
-- Installing: /home/peishi/devel/planning_scene/install/perception_pipeline/share/ament_index/resource_index/packages/perception_pipeline
-- Installing: /home/peishi/devel/planning_scene/install/perception_pipeline/share/perception_pipeline/cmake/ament_cmake_export_dependencies-extras.cmake
-- Installing: /home/peishi/devel/planning_scene/install/perception_pipeline/share/perception_pipeline/cmake/perception_pipelineConfig.cmake
-- Installing: /home/peishi/devel/planning_scene/install/perception_pipeline/share/perception_pipeline/cmake/perception_pipelineConfig-version.cmake
-- Installing: /home/peishi/devel/planning_scene/install/perception_pipeline/share/perception_pipeline/package.xml
