[0.020s] Invoking command in '/home/peishi/devel/planning_scene/build/perception_pipeline': AMENT_PREFIX_PATH=/home/peishi/devel/planning_scene/install/moveit_resources_panda_moveit_config:/home/peishi/devel/planning_scene/install/moveit_visual_tools:/home/peishi/devel/planning_scene/install/moveit_resources_panda_description:${AMENT_PREFIX_PATH} CMAKE_PREFIX_PATH=/home/peishi/devel/planning_scene/install/moveit_resources_panda_moveit_config:/home/peishi/devel/planning_scene/install/moveit_visual_tools:/home/peishi/devel/planning_scene/install/moveit_resources_panda_description:/home/peishi/devel/ws_moveit2/install/task2:/home/peishi/devel/ws_moveit2/install/planning_scene_peishi:/home/peishi/devel/ws_moveit2/install/pilz_industrial_motion_planner_testutils:/home/peishi/devel/ws_moveit2/install/moveit_runtime:/home/peishi/devel/ws_moveit2/install/moveit2_tutorials:/home/peishi/devel/ws_moveit2/install/moveit:/home/peishi/devel/ws_moveit2/install/moveit_planners:/home/peishi/devel/ws_moveit2/install/pilz_industrial_motion_planner:/home/peishi/devel/ws_moveit2/install/mtc_tutorial:/home/peishi/devel/ws_moveit2/install/hello_moveit:/home/peishi/devel/ws_moveit2/install/moveit_visual_tools:/home/peishi/devel/ws_moveit2/install/moveit_task_constructor_visualization:/home/peishi/devel/ws_moveit2/install/moveit_task_constructor_demo:/home/peishi/devel/ws_moveit2/install/moveit_task_constructor_capabilities:/home/peishi/devel/ws_moveit2/install/Task2:/home/peishi/devel/ws_moveit2/install/moveit_task_constructor_core:/home/peishi/devel/ws_moveit2/install/moveit_ros_control_interface:/home/peishi/devel/ws_moveit2/install/moveit_plugins:/home/peishi/devel/ws_moveit2/install/moveit_simple_controller_manager:/home/peishi/devel/ws_moveit2/install/moveit_setup_assistant:/home/peishi/devel/ws_moveit2/install/moveit_setup_srdf_plugins:/home/peishi/devel/ws_moveit2/install/moveit_setup_core_plugins:/home/peishi/devel/ws_moveit2/install/moveit_setup_controllers:/home/peishi/devel/ws_moveit2/install/moveit_setup_app_plugins:/home/peishi/devel/ws_moveit2/install/moveit_setup_framework:/home/peishi/devel/ws_moveit2/install/moveit_servo:/home/peishi/devel/ws_moveit2/install/moveit_ros:/home/peishi/devel/ws_moveit2/install/moveit_ros_visualization:/home/peishi/devel/ws_moveit2/install/moveit_hybrid_planning:/home/peishi/devel/ws_moveit2/install/moveit_ros_planning_interface:/home/peishi/devel/ws_moveit2/install/moveit_ros_benchmarks:/home/peishi/devel/ws_moveit2/install/moveit_ros_warehouse:/home/peishi/devel/ws_moveit2/install/moveit_ros_robot_interaction:/home/peishi/devel/ws_moveit2/install/moveit_ros_perception:/home/peishi/devel/ws_moveit2/install/moveit_resources_prbt_pg70_support:/home/peishi/devel/ws_moveit2/install/moveit_resources_prbt_moveit_config:/home/peishi/devel/ws_moveit2/install/moveit_ros_move_group:/home/peishi/devel/ws_moveit2/install/moveit_planners_ompl:/home/peishi/devel/ws_moveit2/install/moveit_ros_planning:/home/peishi/devel/ws_moveit2/install/moveit_ros_occupancy_map_monitor:/home/peishi/devel/ws_moveit2/install/moveit_resources_prbt_ikfast_manipulator_plugin:/home/peishi/devel/ws_moveit2/install/moveit_planners_chomp:/home/peishi/devel/ws_moveit2/install/moveit_kinematics:/home/peishi/devel/ws_moveit2/install/moveit_chomp_optimizer_adapter:/home/peishi/devel/ws_moveit2/install/chomp_motion_planner:/home/peishi/devel/ws_moveit2/install/moveit_core:/home/peishi/devel/ws_moveit2/install/srdfdom:/home/peishi/devel/ws_moveit2/install/rviz_marker_tools:/home/peishi/devel/ws_moveit2/install/rosparam_shortcuts:/home/peishi/devel/ws_moveit2/install/moveit_task_constructor_msgs:/home/peishi/devel/ws_moveit2/install/moveit_resources_prbt_support:/home/peishi/devel/ws_moveit2/install/moveit_resources:/home/peishi/devel/ws_moveit2/install/moveit_resources_pr2_description:/home/peishi/devel/ws_moveit2/install/moveit_resources_panda_moveit_config:/home/peishi/devel/ws_moveit2/install/moveit_resources_panda_description:/home/peishi/devel/ws_moveit2/install/moveit_resources_fanuc_moveit_config:/home/peishi/devel/ws_moveit2/install/moveit_resources_fanuc_description:/home/peishi/devel/ws_moveit2/install/moveit_common:/home/peishi/devel/ws_moveit2/install/moveit_benchmark_resources:/opt/ros/humble LD_LIBRARY_PATH=/home/peishi/devel/planning_scene/install/moveit_visual_tools/lib:${LD_LIBRARY_PATH} /usr/bin/cmake /home/peishi/devel/planning_scene/src/perception_pipeline -DCMAKE_INSTALL_PREFIX=/home/peishi/devel/planning_scene/install/perception_pipeline
[0.105s] -- The C compiler identification is GNU 11.4.0
[0.168s] -- The CXX compiler identification is GNU 11.4.0
[0.176s] -- Detecting C compiler ABI info
[0.259s] -- Detecting C compiler ABI info - done
[0.270s] -- Check for working C compiler: /usr/bin/cc - skipped
[0.270s] -- Detecting C compile features
[0.271s] -- Detecting C compile features - done
[0.274s] -- Detecting CXX compiler ABI info
[0.367s] -- Detecting CXX compiler ABI info - done
[0.374s] -- Check for working CXX compiler: /usr/bin/c++ - skipped
[0.374s] -- Detecting CXX compile features
[0.375s] -- Detecting CXX compile features - done
[0.378s] -- Found moveit_common: 2.5.5 (/home/peishi/devel/ws_moveit2/install/moveit_common/share/moveit_common/cmake)
[0.382s] -- Found ament_cmake: 1.3.9 (/opt/ros/humble/share/ament_cmake/cmake)
[0.497s] -- Found Python3: /usr/bin/python3 (found version "3.10.12") found components: Interpreter 
[0.656s] -- Found libdw: /usr/lib/x86_64-linux-gnu/libdw.so  
[0.659s] -- Found libbfd: /usr/lib/x86_64-linux-gnu/libbfd.so  
[0.659s] -- BACKWARD_HAS_UNWIND=1
[0.659s] -- BACKWARD_HAS_BACKTRACE=0
[0.659s] -- BACKWARD_HAS_BACKTRACE_SYMBOL=0
[0.659s] -- BACKWARD_HAS_DW=1
[0.659s] -- BACKWARD_HAS_BFD=0
[0.660s] -- Found Backward: /opt/ros/humble/share/backward_ros/cmake  
[0.660s] [0mperception_pipeline: You did not request a specific build type: Choosing 'Release' for maximum performance[0m
[0.915s] -- Found Boost: /usr/lib/x86_64-linux-gnu/cmake/Boost-1.74.0/BoostConfig.cmake (found version "1.74.0") found components: system filesystem date_time thread 
[0.924s] -- Found control_msgs: 4.6.0 (/opt/ros/humble/share/control_msgs/cmake)
[0.980s] -- Found rosidl_generator_c: 3.1.5 (/opt/ros/humble/share/rosidl_generator_c/cmake)
[0.990s] -- Found rosidl_adapter: 3.1.5 (/opt/ros/humble/share/rosidl_adapter/cmake)
[1.001s] -- Found rosidl_generator_cpp: 3.1.5 (/opt/ros/humble/share/rosidl_generator_cpp/cmake)
[1.016s] -- Using all available rosidl_typesupport_c: rosidl_typesupport_fastrtps_c;rosidl_typesupport_introspection_c
[1.036s] -- Using all available rosidl_typesupport_cpp: rosidl_typesupport_fastrtps_cpp;rosidl_typesupport_introspection_cpp
[1.432s] -- Found moveit_core: 2.5.5 (/home/peishi/devel/ws_moveit2/install/moveit_core/share/moveit_core/cmake)
[1.457s] -- Found Boost: /usr/lib/x86_64-linux-gnu/cmake/Boost-1.74.0/BoostConfig.cmake (found version "1.74.0") found components: chrono date_time filesystem iostreams program_options regex serialization system thread 
[1.522s] -- Found parameter_traits: 0.3.8 (/opt/ros/humble/share/parameter_traits/cmake)
[1.597s] -- Found rmw_implementation_cmake: 6.1.2 (/opt/ros/humble/share/rmw_implementation_cmake/cmake)
[1.601s] -- Found rmw_cyclonedds_cpp: 1.3.4 (/opt/ros/humble/share/rmw_cyclonedds_cpp/cmake)
[1.638s] -- Using RMW implementation 'rmw_cyclonedds_cpp' as default
[1.653s] -- Found Threads: TRUE  
[1.769s] -- Found Eigen3: TRUE (found version "3.4.0") 
[1.774s] -- Found rclcpp_lifecycle: 16.0.9 (/opt/ros/humble/share/rclcpp_lifecycle/cmake)
[1.815s] -- Found Boost: /usr/lib/x86_64-linux-gnu/cmake/Boost-1.74.0/BoostConfig.cmake (found version "1.74.0") found components: filesystem 
[1.949s] -- library: /usr/lib/x86_64-linux-gnu/libcurl.so
[2.113s] -- Ensuring Eigen3 include directory is part of orocos-kdl CMake target
[2.844s] -- Found moveit_task_constructor_core: 0.1.3 (/home/peishi/devel/ws_moveit2/install/moveit_task_constructor_core/share/moveit_task_constructor_core/cmake)
[2.902s] -- Found Boost: /usr/lib/x86_64-linux-gnu/cmake/Boost-1.74.0/BoostConfig.cmake (found version "1.74.0") found components: system filesystem date_time program_options thread chrono 
[3.304s] -- Found Boost: /usr/lib/x86_64-linux-gnu/cmake/Boost-1.74.0/BoostConfig.cmake (found version "1.74.0") found components: date_time filesystem program_options system thread 
[3.455s] -- Found Boost: /usr/lib/x86_64-linux-gnu/cmake/Boost-1.74.0/BoostConfig.cmake (found version "1.74.0") found components: thread system filesystem regex date_time program_options 
[3.726s] -- Found Boost: /usr/lib/x86_64-linux-gnu/cmake/Boost-1.74.0/BoostConfig.cmake (found version "1.74.0") found components: system filesystem date_time program_options thread 
[4.460s] -- Found moveit_ros_perception: 2.5.5 (/home/peishi/devel/ws_moveit2/install/moveit_ros_perception/share/moveit_ros_perception/cmake)
[4.463s] -- Found Boost: /usr/lib/x86_64-linux-gnu/cmake/Boost-1.74.0/BoostConfig.cmake (found version "1.74.0") found components: thread 
[4.757s] -- Found interactive_markers: 2.3.2 (/opt/ros/humble/share/interactive_markers/cmake)
[4.773s] -- Found rviz_visual_tools: 4.1.4 (/opt/ros/humble/share/rviz_visual_tools/cmake)
[4.893s] -- Setting OGRE_DIR to: '/opt/ros/humble/share/rviz_ogre_vendor/cmake/../../../opt/rviz_ogre_vendor/lib/OGRE/cmake'
[4.894s] -- Found OGRE
[4.894s] --   static     : OFF
[4.894s] --   components : HLMS;MeshLodGenerator;Overlay;Paging;Property;RTShaderSystem;Terrain;Volume
[4.894s] --   plugins    : Plugin_BSPSceneManager;Plugin_OctreeSceneManager;Plugin_PCZSceneManager;Plugin_ParticleFX;RenderSystem_GL;RenderSystem_GL3Plus;Codec_STBI
[4.894s] --   media      : /opt/ros/humble/opt/rviz_ogre_vendor/share/OGRE/Media
[4.894s] -- OGRE_LIBRARIES: OgreHLMS;OgreMeshLodGenerator;OgreOverlay;OgrePaging;OgreProperty;OgreRTShaderSystem;OgreTerrain;OgreVolume;OgreMain
[4.894s] -- OGRE_LIBRARY_DIRS: /opt/ros/humble/opt/rviz_ogre_vendor/lib
[4.894s] -- OGRE_PLUGINS: Plugin_BSPSceneManager;Plugin_OctreeSceneManager;Plugin_PCZSceneManager;Plugin_ParticleFX;RenderSystem_GL;RenderSystem_GL3Plus;Codec_STBI
[4.894s] -- OGRE_PLUGIN_DIR: /opt/ros/humble/opt/rviz_ogre_vendor/lib/OGRE
[4.895s] -- rviz_ogre_vendor::OgreOverlay for IMPORTED_LOCATION_RELEASE: /opt/ros/humble/opt/rviz_ogre_vendor/lib/libOgreOverlay.so
[4.895s] -- rviz_ogre_vendor::OgreOverlay for IMPORTED_LOCATION_DEBUG: /opt/ros/humble/opt/rviz_ogre_vendor/lib/libOgreOverlay.so
[4.895s] -- rviz_ogre_vendor::OgreMain for IMPORTED_LOCATION_RELEASE: /opt/ros/humble/opt/rviz_ogre_vendor/lib/libOgreMain.so
[4.895s] -- rviz_ogre_vendor::OgreMain for IMPORTED_LOCATION_DEBUG: /opt/ros/humble/opt/rviz_ogre_vendor/lib/libOgreMain.so
[4.917s] -- Found ZLIB: /usr/lib/x86_64-linux-gnu/libz.so (found version "1.2.11") 
[4.924s] -- Found OpenGL: /usr/lib/x86_64-linux-gnu/libOpenGL.so   
[5.065s] -- Found X11: /usr/include   
[5.066s] -- Looking for XOpenDisplay in /usr/lib/x86_64-linux-gnu/libX11.so;/usr/lib/x86_64-linux-gnu/libXext.so
[5.195s] -- Looking for XOpenDisplay in /usr/lib/x86_64-linux-gnu/libX11.so;/usr/lib/x86_64-linux-gnu/libXext.so - found
[5.196s] -- Looking for gethostbyname
[5.295s] -- Looking for gethostbyname - found
[5.295s] -- Looking for connect
[5.399s] -- Looking for connect - found
[5.399s] -- Looking for remove
[5.512s] -- Looking for remove - found
[5.512s] -- Looking for shmat
[5.613s] -- Looking for shmat - found
[5.613s] -- Looking for IceConnectionNumber in ICE
[5.713s] -- Looking for IceConnectionNumber in ICE - found
[5.716s] -- rviz_ogre_vendor::RenderSystem_GL for IMPORTED_LOCATION_RELEASE: _render_system_gl_static_library_abs-NOTFOUND
[5.716s] -- rviz_ogre_vendor::RenderSystem_GL for IMPORTED_LOCATION_DEBUG: _render_system_gl_static_library_abs-NOTFOUND
[6.125s] -- Found moveit_visual_tools: 4.1.0 (/home/peishi/devel/planning_scene/install/moveit_visual_tools/share/moveit_visual_tools/cmake)
[6.506s] -- Found pcl_ros: 2.4.0 (/opt/ros/humble/share/pcl_ros/cmake)
[6.723s] -- Checking for module 'eigen3'
[6.740s] --   Found eigen3, version 3.4.0
[6.794s] -- Found Eigen: /usr/include/eigen3 (Required is at least version "3.1") 
[6.794s] -- Eigen found (include: /usr/include/eigen3, version: 3.4.0)
[6.820s] -- Checking for module 'flann'
[6.840s] --   Found flann, version 1.9.1
[6.911s] -- Found FLANN: /usr/lib/x86_64-linux-gnu/libflann_cpp.so  
[6.911s] -- FLANN found (include: /usr/include, lib: /usr/lib/x86_64-linux-gnu/libflann_cpp.so)
[7.437s] -- Checking for module 'libusb-1.0'
[7.459s] --   Found libusb-1.0, version 1.0.25
[7.521s] -- Found libusb: /usr/lib/x86_64-linux-gnu/libusb-1.0.so  
[7.523s] -- OpenNI found (version: 1.5.4.0, include: /usr/include/ni, lib: /usr/lib/libOpenNI.so;libusb::libusb)
[7.618s] -- OpenNI2 found (version: 2.2.0.33, include: /usr/include/openni2, lib: /usr/lib/x86_64-linux-gnu/libOpenNI2.so;libusb::libusb)
[7.759s] -- Eigen found (include: /usr/include/eigen3, version: 3.4.0)
[7.765s] -- OpenNI found (version: 1.5.4.0, include: /usr/include/ni, lib: /usr/lib/libOpenNI.so;libusb::libusb)
[7.770s] -- OpenNI2 found (version: 2.2.0.33, include: /usr/include/openni2, lib: /usr/lib/x86_64-linux-gnu/libOpenNI2.so;libusb::libusb)
[7.937s] -- Found Qhull version 8.0.2
[8.083s] -- OpenNI found (version: 1.5.4.0, include: /usr/include/ni, lib: /usr/lib/libOpenNI.so;libusb::libusb)
[8.221s] -- Found PCL_COMMON: /usr/lib/x86_64-linux-gnu/libpcl_common.so  
[8.221s] -- Found PCL_KDTREE: /usr/lib/x86_64-linux-gnu/libpcl_kdtree.so  
[8.222s] -- Found PCL_OCTREE: /usr/lib/x86_64-linux-gnu/libpcl_octree.so  
[8.222s] -- Found PCL_SEARCH: /usr/lib/x86_64-linux-gnu/libpcl_search.so  
[8.223s] -- Found PCL_SAMPLE_CONSENSUS: /usr/lib/x86_64-linux-gnu/libpcl_sample_consensus.so  
[8.224s] -- Found PCL_FILTERS: /usr/lib/x86_64-linux-gnu/libpcl_filters.so  
[8.224s] -- Found PCL_2D: /usr/include/pcl-1.12  
[8.224s] -- Found PCL_GEOMETRY: /usr/include/pcl-1.12  
[8.225s] -- Found PCL_IO: /usr/lib/x86_64-linux-gnu/libpcl_io.so  
[8.225s] -- Found PCL_FEATURES: /usr/lib/x86_64-linux-gnu/libpcl_features.so  
[8.226s] -- Found PCL_ML: /usr/lib/x86_64-linux-gnu/libpcl_ml.so  
[8.226s] -- Found PCL_SEGMENTATION: /usr/lib/x86_64-linux-gnu/libpcl_segmentation.so  
[8.227s] -- Found PCL_VISUALIZATION: /usr/lib/x86_64-linux-gnu/libpcl_visualization.so  
[8.228s] -- Found PCL_SURFACE: /usr/lib/x86_64-linux-gnu/libpcl_surface.so  
[8.228s] -- Found PCL_REGISTRATION: /usr/lib/x86_64-linux-gnu/libpcl_registration.so  
[8.229s] -- Found PCL_KEYPOINTS: /usr/lib/x86_64-linux-gnu/libpcl_keypoints.so  
[8.230s] -- Found PCL_TRACKING: /usr/lib/x86_64-linux-gnu/libpcl_tracking.so  
[8.230s] -- Found PCL_RECOGNITION: /usr/lib/x86_64-linux-gnu/libpcl_recognition.so  
[8.231s] -- Found PCL_STEREO: /usr/lib/x86_64-linux-gnu/libpcl_stereo.so  
[8.232s] -- Found PCL_APPS: /usr/lib/x86_64-linux-gnu/libpcl_apps.so  
[8.232s] -- Found PCL_IN_HAND_SCANNER: /usr/include/pcl-1.12  
[8.232s] -- Found PCL_MODELER: /usr/include/pcl-1.12  
[8.233s] -- Found PCL_POINT_CLOUD_EDITOR: /usr/include/pcl-1.12  
[8.233s] -- Found PCL_OUTOFCORE: /usr/lib/x86_64-linux-gnu/libpcl_outofcore.so  
[8.234s] -- Found PCL_PEOPLE: /usr/lib/x86_64-linux-gnu/libpcl_people.so  
[8.260s] -- Found gazebo_ros: 3.7.0 (/opt/ros/humble/share/gazebo_ros/cmake)
[8.276s] -- Found PkgConfig: /usr/bin/pkg-config (found version "0.29.2") 
[8.278s] -- Checking for module 'bullet>=2.82'
[8.304s] --   Found bullet, version 3.05
[8.475s] -- Found fcl: /usr/include (found suitable version "0.7.0", minimum required is "0.5.0") 
[8.568s] -- Found assimp: /usr/include;/usr/include (found version "5.2.0") 
[8.582s] -- Found DART: /usr/include (Required is at least version "6.6") found components: dart 
[8.598s] -- Found Boost: /usr/lib/x86_64-linux-gnu/cmake/Boost-1.74.0/BoostConfig.cmake (found suitable version "1.74.0", minimum required is "1.40.0") found components: thread system filesystem program_options regex iostreams date_time 
[8.618s] -- Found Protobuf: /usr/lib/x86_64-linux-gnu/libprotobuf.so (found version "3.12.4") 
[8.633s] -- Looking for ignition-math6 -- found version 6.15.1
[8.643s] -- Searching for dependencies of ignition-math6
[8.645s] -- Looking for OGRE...
[8.645s] -- OGRE_PREFIX_WATCH changed.
[8.653s] -- Checking for module 'OGRE'
[8.676s] --   Found OGRE, version 1.9.0
[8.739s] -- Found Ogre Ghadamon (1.9.0)
[8.761s] -- Looking for OGRE_Paging...
[8.771s] -- Looking for OGRE_Terrain...
[8.778s] -- Looking for OGRE_Property...
[8.789s] -- Looking for OGRE_RTShaderSystem...
[8.797s] -- Looking for OGRE_Volume...
[8.807s] -- Looking for OGRE_Overlay...
[8.976s] -- Looking for ignition-math6 -- found version 6.15.1
[8.982s] -- Looking for ignition-transport8 -- found version 8.2.1
[8.983s] -- Searching for dependencies of ignition-transport8
[9.004s] -- Found Protobuf: /usr/lib/x86_64-linux-gnu/libprotobuf.so (found suitable version "3.12.4", minimum required is "3") 
[9.017s] -- Config-file not installed for ZeroMQ -- checking for pkg-config
[9.024s] -- Checking for module 'libzmq >= 4'
[9.050s] --   Found libzmq , version 4.3.4
[9.115s] -- Found ZeroMQ: TRUE (Required is at least version "4") 
[9.125s] -- Checking for module 'uuid'
[9.152s] --   Found uuid, version 2.37.2
[9.212s] -- Found UUID: TRUE  
[9.221s] -- Looking for ignition-msgs5 -- found version 5.8.1
[9.222s] -- Searching for dependencies of ignition-msgs5
[9.239s] -- Looking for ignition-math6 -- found version 6.15.1
[9.244s] -- Checking for module 'tinyxml2'
[9.265s] --   Found tinyxml2, version 9.0.0
[9.328s] -- Looking for ignition-msgs5 -- found version 5.8.1
[9.339s] -- Looking for ignition-common3 -- found version 3.14.0
[9.340s] -- Searching for dependencies of ignition-common3
[9.341s] -- Looking for dlfcn.h - found
[9.343s] -- Looking for libdl - found
[9.345s] -- Found DL: TRUE  
[9.362s] -- Found tinyobjloader: /usr/lib/x86_64-linux-gnu/cmake/tinyobjloader/tinyobjloader-config.cmake (found version "2.0.0") 
[9.362s] -- Searching for <ignition-common3> component [graphics]
[9.367s] -- Looking for ignition-common3-graphics -- found version 3.14.0
[9.368s] -- Searching for dependencies of ignition-common3-graphics
[9.368s] -- Looking for ignition-math6 -- found version 6.15.1
[9.374s] -- Looking for ignition-fuel_tools4 -- found version 4.4.0
[9.374s] -- Searching for dependencies of ignition-fuel_tools4
[9.417s] -- Found CURL: /usr/lib/x86_64-linux-gnu/libcurl.so (found version "7.81.0")  
[9.426s] [31mCMake Error at /usr/lib/x86_64-linux-gnu/cmake/jsoncpp/jsoncpp-namespaced-targets.cmake:5 (add_library):
[9.426s]   add_library cannot create imported target "JsonCpp::JsonCpp" because
[9.426s]   another target with the same name already exists.
[9.426s] Call Stack (most recent call first):
[9.426s]   /usr/lib/x86_64-linux-gnu/cmake/jsoncpp/jsoncppConfig.cmake:41 (include)
[9.426s]   /usr/share/cmake/ignition-cmake2/cmake2/FindJSONCPP.cmake:34 (find_package)
[9.426s]   /usr/lib/x86_64-linux-gnu/cmake/ignition-fuel_tools4/ignition-fuel_tools4-config.cmake:94 (find_package)
[9.426s]   /usr/lib/x86_64-linux-gnu/cmake/gazebo/gazebo-config.cmake:251 (find_package)
[9.426s]   /opt/ros/humble/share/gazebo_dev/cmake/gazebo_dev-extras.cmake:3 (find_package)
[9.426s]   /opt/ros/humble/share/gazebo_dev/cmake/gazebo_devConfig.cmake:41 (include)
[9.426s]   /opt/ros/humble/share/gazebo_ros/cmake/ament_cmake_export_dependencies-extras.cmake:21 (find_package)
[9.426s]   /opt/ros/humble/share/gazebo_ros/cmake/gazebo_rosConfig.cmake:41 (include)
[9.426s]   CMakeLists.txt:31 (find_package)
[9.426s] 
[9.426s] [0m
[9.432s] -- Checking for module 'libzip'
[9.454s] --   Found libzip, version 1.7.3
[9.513s] -- Found ZIP: TRUE  
[9.514s] -- Looking for ignition-common3 -- found version 3.14.0
[9.514s] -- Looking for ignition-math6 -- found version 6.15.1
[9.515s] -- Looking for ignition-msgs5 -- found version 5.8.1
[9.517s] -- Gazebo version: 11.10
[9.517s] -- Checking for module 'tbb'
[9.542s] --   Found tbb, version 2021.5.0
[9.612s] -- Configuring incomplete, errors occurred!
[9.613s] See also "/home/peishi/devel/planning_scene/build/perception_pipeline/CMakeFiles/CMakeOutput.log".
[9.633s] Invoked command in '/home/peishi/devel/planning_scene/build/perception_pipeline' returned '1': AMENT_PREFIX_PATH=/home/peishi/devel/planning_scene/install/moveit_resources_panda_moveit_config:/home/peishi/devel/planning_scene/install/moveit_visual_tools:/home/peishi/devel/planning_scene/install/moveit_resources_panda_description:${AMENT_PREFIX_PATH} CMAKE_PREFIX_PATH=/home/peishi/devel/planning_scene/install/moveit_resources_panda_moveit_config:/home/peishi/devel/planning_scene/install/moveit_visual_tools:/home/peishi/devel/planning_scene/install/moveit_resources_panda_description:/home/peishi/devel/ws_moveit2/install/task2:/home/peishi/devel/ws_moveit2/install/planning_scene_peishi:/home/peishi/devel/ws_moveit2/install/pilz_industrial_motion_planner_testutils:/home/peishi/devel/ws_moveit2/install/moveit_runtime:/home/peishi/devel/ws_moveit2/install/moveit2_tutorials:/home/peishi/devel/ws_moveit2/install/moveit:/home/peishi/devel/ws_moveit2/install/moveit_planners:/home/peishi/devel/ws_moveit2/install/pilz_industrial_motion_planner:/home/peishi/devel/ws_moveit2/install/mtc_tutorial:/home/peishi/devel/ws_moveit2/install/hello_moveit:/home/peishi/devel/ws_moveit2/install/moveit_visual_tools:/home/peishi/devel/ws_moveit2/install/moveit_task_constructor_visualization:/home/peishi/devel/ws_moveit2/install/moveit_task_constructor_demo:/home/peishi/devel/ws_moveit2/install/moveit_task_constructor_capabilities:/home/peishi/devel/ws_moveit2/install/Task2:/home/peishi/devel/ws_moveit2/install/moveit_task_constructor_core:/home/peishi/devel/ws_moveit2/install/moveit_ros_control_interface:/home/peishi/devel/ws_moveit2/install/moveit_plugins:/home/peishi/devel/ws_moveit2/install/moveit_simple_controller_manager:/home/peishi/devel/ws_moveit2/install/moveit_setup_assistant:/home/peishi/devel/ws_moveit2/install/moveit_setup_srdf_plugins:/home/peishi/devel/ws_moveit2/install/moveit_setup_core_plugins:/home/peishi/devel/ws_moveit2/install/moveit_setup_controllers:/home/peishi/devel/ws_moveit2/install/moveit_setup_app_plugins:/home/peishi/devel/ws_moveit2/install/moveit_setup_framework:/home/peishi/devel/ws_moveit2/install/moveit_servo:/home/peishi/devel/ws_moveit2/install/moveit_ros:/home/peishi/devel/ws_moveit2/install/moveit_ros_visualization:/home/peishi/devel/ws_moveit2/install/moveit_hybrid_planning:/home/peishi/devel/ws_moveit2/install/moveit_ros_planning_interface:/home/peishi/devel/ws_moveit2/install/moveit_ros_benchmarks:/home/peishi/devel/ws_moveit2/install/moveit_ros_warehouse:/home/peishi/devel/ws_moveit2/install/moveit_ros_robot_interaction:/home/peishi/devel/ws_moveit2/install/moveit_ros_perception:/home/peishi/devel/ws_moveit2/install/moveit_resources_prbt_pg70_support:/home/peishi/devel/ws_moveit2/install/moveit_resources_prbt_moveit_config:/home/peishi/devel/ws_moveit2/install/moveit_ros_move_group:/home/peishi/devel/ws_moveit2/install/moveit_planners_ompl:/home/peishi/devel/ws_moveit2/install/moveit_ros_planning:/home/peishi/devel/ws_moveit2/install/moveit_ros_occupancy_map_monitor:/home/peishi/devel/ws_moveit2/install/moveit_resources_prbt_ikfast_manipulator_plugin:/home/peishi/devel/ws_moveit2/install/moveit_planners_chomp:/home/peishi/devel/ws_moveit2/install/moveit_kinematics:/home/peishi/devel/ws_moveit2/install/moveit_chomp_optimizer_adapter:/home/peishi/devel/ws_moveit2/install/chomp_motion_planner:/home/peishi/devel/ws_moveit2/install/moveit_core:/home/peishi/devel/ws_moveit2/install/srdfdom:/home/peishi/devel/ws_moveit2/install/rviz_marker_tools:/home/peishi/devel/ws_moveit2/install/rosparam_shortcuts:/home/peishi/devel/ws_moveit2/install/moveit_task_constructor_msgs:/home/peishi/devel/ws_moveit2/install/moveit_resources_prbt_support:/home/peishi/devel/ws_moveit2/install/moveit_resources:/home/peishi/devel/ws_moveit2/install/moveit_resources_pr2_description:/home/peishi/devel/ws_moveit2/install/moveit_resources_panda_moveit_config:/home/peishi/devel/ws_moveit2/install/moveit_resources_panda_description:/home/peishi/devel/ws_moveit2/install/moveit_resources_fanuc_moveit_config:/home/peishi/devel/ws_moveit2/install/moveit_resources_fanuc_description:/home/peishi/devel/ws_moveit2/install/moveit_common:/home/peishi/devel/ws_moveit2/install/moveit_benchmark_resources:/opt/ros/humble LD_LIBRARY_PATH=/home/peishi/devel/planning_scene/install/moveit_visual_tools/lib:${LD_LIBRARY_PATH} /usr/bin/cmake /home/peishi/devel/planning_scene/src/perception_pipeline -DCMAKE_INSTALL_PREFIX=/home/peishi/devel/planning_scene/install/perception_pipeline
