[0.017s] Invoking command in '/home/peishi/devel/planning_scene/build/moveit_hybrid_planning': CMAKE_PREFIX_PATH=/home/peishi/devel/planning_scene/install/moveit_resources_panda_moveit_config:/home/peishi/devel/planning_scene/install/moveit_resources_panda_description:/home/peishi/devel/planning_scene/install/perception_pipeline:/home/peishi/devel/planning_scene/install/moveit_visual_tools:/home/peishi/devel/planning_scene/install/moveit_resources:/home/peishi/devel/planning_scene/install/moveit_resources_pr2_description:/home/peishi/devel/planning_scene/install/moveit_resources_fanuc_moveit_config:/home/peishi/devel/planning_scene/install/moveit_resources_fanuc_description:/home/peishi/devel/ws_moveit2/install/task2:/home/peishi/devel/ws_moveit2/install/planning_scene_peishi:/home/peishi/devel/ws_moveit2/install/pilz_industrial_motion_planner_testutils:/home/peishi/devel/ws_moveit2/install/moveit_runtime:/home/peishi/devel/ws_moveit2/install/moveit2_tutorials:/home/peishi/devel/ws_moveit2/install/moveit:/home/peishi/devel/ws_moveit2/install/moveit_planners:/home/peishi/devel/ws_moveit2/install/pilz_industrial_motion_planner:/home/peishi/devel/ws_moveit2/install/mtc_tutorial:/home/peishi/devel/ws_moveit2/install/hello_moveit:/home/peishi/devel/ws_moveit2/install/moveit_visual_tools:/home/peishi/devel/ws_moveit2/install/moveit_task_constructor_visualization:/home/peishi/devel/ws_moveit2/install/moveit_task_constructor_demo:/home/peishi/devel/ws_moveit2/install/moveit_task_constructor_capabilities:/home/peishi/devel/ws_moveit2/install/Task2:/home/peishi/devel/ws_moveit2/install/moveit_task_constructor_core:/home/peishi/devel/ws_moveit2/install/moveit_ros_control_interface:/home/peishi/devel/ws_moveit2/install/moveit_plugins:/home/peishi/devel/ws_moveit2/install/moveit_simple_controller_manager:/home/peishi/devel/ws_moveit2/install/moveit_setup_assistant:/home/peishi/devel/ws_moveit2/install/moveit_setup_srdf_plugins:/home/peishi/devel/ws_moveit2/install/moveit_setup_core_plugins:/home/peishi/devel/ws_moveit2/install/moveit_setup_controllers:/home/peishi/devel/ws_moveit2/install/moveit_setup_app_plugins:/home/peishi/devel/ws_moveit2/install/moveit_setup_framework:/home/peishi/devel/ws_moveit2/install/moveit_servo:/home/peishi/devel/ws_moveit2/install/moveit_ros:/home/peishi/devel/ws_moveit2/install/moveit_ros_visualization:/home/peishi/devel/ws_moveit2/install/moveit_hybrid_planning:/home/peishi/devel/ws_moveit2/install/moveit_ros_planning_interface:/home/peishi/devel/ws_moveit2/install/moveit_ros_benchmarks:/home/peishi/devel/ws_moveit2/install/moveit_ros_warehouse:/home/peishi/devel/ws_moveit2/install/moveit_ros_robot_interaction:/home/peishi/devel/ws_moveit2/install/moveit_ros_perception:/home/peishi/devel/ws_moveit2/install/moveit_resources_prbt_pg70_support:/home/peishi/devel/ws_moveit2/install/moveit_resources_prbt_moveit_config:/home/peishi/devel/ws_moveit2/install/moveit_ros_move_group:/home/peishi/devel/ws_moveit2/install/moveit_planners_ompl:/home/peishi/devel/ws_moveit2/install/moveit_ros_planning:/home/peishi/devel/ws_moveit2/install/moveit_ros_occupancy_map_monitor:/home/peishi/devel/ws_moveit2/install/moveit_resources_prbt_ikfast_manipulator_plugin:/home/peishi/devel/ws_moveit2/install/moveit_planners_chomp:/home/peishi/devel/ws_moveit2/install/moveit_kinematics:/home/peishi/devel/ws_moveit2/install/moveit_chomp_optimizer_adapter:/home/peishi/devel/ws_moveit2/install/chomp_motion_planner:/home/peishi/devel/ws_moveit2/install/moveit_core:/home/peishi/devel/ws_moveit2/install/srdfdom:/home/peishi/devel/ws_moveit2/install/rviz_marker_tools:/home/peishi/devel/ws_moveit2/install/rosparam_shortcuts:/home/peishi/devel/ws_moveit2/install/moveit_task_constructor_msgs:/home/peishi/devel/ws_moveit2/install/moveit_resources_prbt_support:/home/peishi/devel/ws_moveit2/install/moveit_resources:/home/peishi/devel/ws_moveit2/install/moveit_resources_pr2_description:/home/peishi/devel/ws_moveit2/install/moveit_resources_panda_moveit_config:/home/peishi/devel/ws_moveit2/install/moveit_resources_panda_description:/home/peishi/devel/ws_moveit2/install/moveit_resources_fanuc_moveit_config:/home/peishi/devel/ws_moveit2/install/moveit_resources_fanuc_description:/home/peishi/devel/ws_moveit2/install/moveit_common:/home/peishi/devel/ws_moveit2/install/moveit_benchmark_resources:/home/peishi/devel/ws_moveit2/install/moveit_configs_utils:/home/peishi/devel/ws_moveit2/install/launch_param_builder:/opt/ros/humble /usr/bin/cmake /home/peishi/devel/planning_scene/src/hybrid_planning -DCMAKE_BUILD_TYPE=Release -DCMAKE_INSTALL_PREFIX=/home/peishi/devel/planning_scene/install/moveit_hybrid_planning
[0.100s] -- The C compiler identification is GNU 11.4.0
[0.159s] -- The CXX compiler identification is GNU 11.4.0
[0.167s] -- Detecting C compiler ABI info
[0.240s] -- Detecting C compiler ABI info - done
[0.250s] -- Check for working C compiler: /usr/bin/cc - skipped
[0.250s] -- Detecting C compile features
[0.251s] -- Detecting C compile features - done
[0.255s] -- Detecting CXX compiler ABI info
[0.359s] -- Detecting CXX compiler ABI info - done
[0.364s] -- Check for working CXX compiler: /usr/bin/c++ - skipped
[0.364s] -- Detecting CXX compile features
[0.365s] -- Detecting CXX compile features - done
[0.369s] -- Found moveit_common: 2.5.5 (/home/peishi/devel/ws_moveit2/install/moveit_common/share/moveit_common/cmake)
[0.374s] -- Found ament_cmake: 1.3.9 (/opt/ros/humble/share/ament_cmake/cmake)
[0.525s] -- Found Python3: /usr/bin/python3 (found version "3.10.12") found components: Interpreter 
[0.705s] -- Found libdw: /usr/lib/x86_64-linux-gnu/libdw.so  
[0.708s] -- Found libbfd: /usr/lib/x86_64-linux-gnu/libbfd.so  
[0.708s] -- BACKWARD_HAS_UNWIND=1
[0.708s] -- BACKWARD_HAS_BACKTRACE=0
[0.708s] -- BACKWARD_HAS_BACKTRACE_SYMBOL=0
[0.708s] -- BACKWARD_HAS_DW=1
[0.708s] -- BACKWARD_HAS_BFD=0
[0.709s] -- Found Backward: /opt/ros/humble/share/backward_ros/cmake  
[0.712s] -- Found moveit_core: 2.5.5 (/home/peishi/devel/ws_moveit2/install/moveit_core/share/moveit_core/cmake)
[1.032s] -- Found Boost: /usr/lib/x86_64-linux-gnu/cmake/Boost-1.74.0/BoostConfig.cmake (found version "1.74.0") found components: chrono date_time filesystem iostreams program_options regex serialization system thread 
[1.110s] -- Found parameter_traits: 0.3.8 (/opt/ros/humble/share/parameter_traits/cmake)
[1.184s] -- Found rosidl_generator_c: 3.1.5 (/opt/ros/humble/share/rosidl_generator_c/cmake)
[1.194s] -- Found rosidl_adapter: 3.1.5 (/opt/ros/humble/share/rosidl_adapter/cmake)
[1.209s] -- Found rosidl_generator_cpp: 3.1.5 (/opt/ros/humble/share/rosidl_generator_cpp/cmake)
[1.229s] -- Using all available rosidl_typesupport_c: rosidl_typesupport_fastrtps_c;rosidl_typesupport_introspection_c
[1.257s] -- Using all available rosidl_typesupport_cpp: rosidl_typesupport_fastrtps_cpp;rosidl_typesupport_introspection_cpp
[1.346s] -- Found rmw_implementation_cmake: 6.1.2 (/opt/ros/humble/share/rmw_implementation_cmake/cmake)
[1.354s] -- Found rmw_cyclonedds_cpp: 1.3.4 (/opt/ros/humble/share/rmw_cyclonedds_cpp/cmake)
[1.402s] -- Using RMW implementation 'rmw_cyclonedds_cpp' as default
[1.419s] -- Found Threads: TRUE  
[1.572s] -- Found Eigen3: TRUE (found version "3.4.0") 
[1.577s] -- Found rclcpp_lifecycle: 16.0.9 (/opt/ros/humble/share/rclcpp_lifecycle/cmake)
[1.624s] -- Found Boost: /usr/lib/x86_64-linux-gnu/cmake/Boost-1.74.0/BoostConfig.cmake (found version "1.74.0") found components: filesystem 
[1.818s] -- library: /usr/lib/x86_64-linux-gnu/libcurl.so
[2.064s] -- Ensuring Eigen3 include directory is part of orocos-kdl CMake target
[2.947s] -- Found moveit_ros_planning: 2.5.5 (/home/peishi/devel/ws_moveit2/install/moveit_ros_planning/share/moveit_ros_planning/cmake)
[2.951s] -- Found Boost: /usr/lib/x86_64-linux-gnu/cmake/Boost-1.74.0/BoostConfig.cmake (found version "1.74.0") found components: system filesystem date_time program_options thread chrono 
[3.275s] -- Found moveit_ros_planning_interface: 2.5.5 (/home/peishi/devel/ws_moveit2/install/moveit_ros_planning_interface/share/moveit_ros_planning_interface/cmake)
[3.279s] -- Found Boost: /usr/lib/x86_64-linux-gnu/cmake/Boost-1.74.0/BoostConfig.cmake (found version "1.74.0") found components: date_time filesystem program_options system thread 
[3.431s] -- Found Boost: /usr/lib/x86_64-linux-gnu/cmake/Boost-1.74.0/BoostConfig.cmake (found version "1.74.0") found components: thread system filesystem regex date_time program_options 
[3.725s] -- Found Boost: /usr/lib/x86_64-linux-gnu/cmake/Boost-1.74.0/BoostConfig.cmake (found version "1.74.0") found components: system filesystem date_time program_options thread 
[4.294s] -- Found ament_lint_auto: 0.12.11 (/opt/ros/humble/share/ament_lint_auto/cmake)
[4.300s] -- Found ament_cmake_gtest: 1.3.9 (/opt/ros/humble/share/ament_cmake_gtest/cmake)
[4.305s] -- Found ros_testing: 0.4.0 (/opt/ros/humble/share/ros_testing/cmake)
[4.310s] -- Found launch_testing_ament_cmake: 1.0.6 (/opt/ros/humble/share/launch_testing_ament_cmake/cmake)
[4.314s] -- Found python_cmake_module: 0.10.0 (/opt/ros/humble/share/python_cmake_module/cmake)
[4.331s] -- Found PythonInterp: /usr/bin/python3 (found suitable version "3.10.12", minimum required is "3.6") 
[4.337s] -- Found PythonLibs: /usr/lib/x86_64-linux-gnu/libpython3.10.so (found suitable version "3.10.12", minimum required is "3.5") 
[4.337s] -- Using PYTHON_EXECUTABLE: /usr/bin/python3
[4.337s] -- Using PYTHON_INCLUDE_DIRS: /usr/include/python3.10
[4.338s] -- Using PYTHON_LIBRARIES: /usr/lib/x86_64-linux-gnu/libpython3.10.so
[4.355s] -- Found PythonExtra: .so  
[4.359s] -- Found Boost: /usr/lib/x86_64-linux-gnu/cmake/Boost-1.74.0/BoostConfig.cmake (found version "1.74.0") found components: filesystem 
[4.444s] -- Configuring done
[4.559s] -- Generating done
[4.561s] -- Build files have been written to: /home/peishi/devel/planning_scene/build/moveit_hybrid_planning
[4.573s] Invoked command in '/home/peishi/devel/planning_scene/build/moveit_hybrid_planning' returned '0': CMAKE_PREFIX_PATH=/home/peishi/devel/planning_scene/install/moveit_resources_panda_moveit_config:/home/peishi/devel/planning_scene/install/moveit_resources_panda_description:/home/peishi/devel/planning_scene/install/perception_pipeline:/home/peishi/devel/planning_scene/install/moveit_visual_tools:/home/peishi/devel/planning_scene/install/moveit_resources:/home/peishi/devel/planning_scene/install/moveit_resources_pr2_description:/home/peishi/devel/planning_scene/install/moveit_resources_fanuc_moveit_config:/home/peishi/devel/planning_scene/install/moveit_resources_fanuc_description:/home/peishi/devel/ws_moveit2/install/task2:/home/peishi/devel/ws_moveit2/install/planning_scene_peishi:/home/peishi/devel/ws_moveit2/install/pilz_industrial_motion_planner_testutils:/home/peishi/devel/ws_moveit2/install/moveit_runtime:/home/peishi/devel/ws_moveit2/install/moveit2_tutorials:/home/peishi/devel/ws_moveit2/install/moveit:/home/peishi/devel/ws_moveit2/install/moveit_planners:/home/peishi/devel/ws_moveit2/install/pilz_industrial_motion_planner:/home/peishi/devel/ws_moveit2/install/mtc_tutorial:/home/peishi/devel/ws_moveit2/install/hello_moveit:/home/peishi/devel/ws_moveit2/install/moveit_visual_tools:/home/peishi/devel/ws_moveit2/install/moveit_task_constructor_visualization:/home/peishi/devel/ws_moveit2/install/moveit_task_constructor_demo:/home/peishi/devel/ws_moveit2/install/moveit_task_constructor_capabilities:/home/peishi/devel/ws_moveit2/install/Task2:/home/peishi/devel/ws_moveit2/install/moveit_task_constructor_core:/home/peishi/devel/ws_moveit2/install/moveit_ros_control_interface:/home/peishi/devel/ws_moveit2/install/moveit_plugins:/home/peishi/devel/ws_moveit2/install/moveit_simple_controller_manager:/home/peishi/devel/ws_moveit2/install/moveit_setup_assistant:/home/peishi/devel/ws_moveit2/install/moveit_setup_srdf_plugins:/home/peishi/devel/ws_moveit2/install/moveit_setup_core_plugins:/home/peishi/devel/ws_moveit2/install/moveit_setup_controllers:/home/peishi/devel/ws_moveit2/install/moveit_setup_app_plugins:/home/peishi/devel/ws_moveit2/install/moveit_setup_framework:/home/peishi/devel/ws_moveit2/install/moveit_servo:/home/peishi/devel/ws_moveit2/install/moveit_ros:/home/peishi/devel/ws_moveit2/install/moveit_ros_visualization:/home/peishi/devel/ws_moveit2/install/moveit_hybrid_planning:/home/peishi/devel/ws_moveit2/install/moveit_ros_planning_interface:/home/peishi/devel/ws_moveit2/install/moveit_ros_benchmarks:/home/peishi/devel/ws_moveit2/install/moveit_ros_warehouse:/home/peishi/devel/ws_moveit2/install/moveit_ros_robot_interaction:/home/peishi/devel/ws_moveit2/install/moveit_ros_perception:/home/peishi/devel/ws_moveit2/install/moveit_resources_prbt_pg70_support:/home/peishi/devel/ws_moveit2/install/moveit_resources_prbt_moveit_config:/home/peishi/devel/ws_moveit2/install/moveit_ros_move_group:/home/peishi/devel/ws_moveit2/install/moveit_planners_ompl:/home/peishi/devel/ws_moveit2/install/moveit_ros_planning:/home/peishi/devel/ws_moveit2/install/moveit_ros_occupancy_map_monitor:/home/peishi/devel/ws_moveit2/install/moveit_resources_prbt_ikfast_manipulator_plugin:/home/peishi/devel/ws_moveit2/install/moveit_planners_chomp:/home/peishi/devel/ws_moveit2/install/moveit_kinematics:/home/peishi/devel/ws_moveit2/install/moveit_chomp_optimizer_adapter:/home/peishi/devel/ws_moveit2/install/chomp_motion_planner:/home/peishi/devel/ws_moveit2/install/moveit_core:/home/peishi/devel/ws_moveit2/install/srdfdom:/home/peishi/devel/ws_moveit2/install/rviz_marker_tools:/home/peishi/devel/ws_moveit2/install/rosparam_shortcuts:/home/peishi/devel/ws_moveit2/install/moveit_task_constructor_msgs:/home/peishi/devel/ws_moveit2/install/moveit_resources_prbt_support:/home/peishi/devel/ws_moveit2/install/moveit_resources:/home/peishi/devel/ws_moveit2/install/moveit_resources_pr2_description:/home/peishi/devel/ws_moveit2/install/moveit_resources_panda_moveit_config:/home/peishi/devel/ws_moveit2/install/moveit_resources_panda_description:/home/peishi/devel/ws_moveit2/install/moveit_resources_fanuc_moveit_config:/home/peishi/devel/ws_moveit2/install/moveit_resources_fanuc_description:/home/peishi/devel/ws_moveit2/install/moveit_common:/home/peishi/devel/ws_moveit2/install/moveit_benchmark_resources:/home/peishi/devel/ws_moveit2/install/moveit_configs_utils:/home/peishi/devel/ws_moveit2/install/launch_param_builder:/opt/ros/humble /usr/bin/cmake /home/peishi/devel/planning_scene/src/hybrid_planning -DCMAKE_BUILD_TYPE=Release -DCMAKE_INSTALL_PREFIX=/home/peishi/devel/planning_scene/install/moveit_hybrid_planning
[4.575s] Invoking command in '/home/peishi/devel/planning_scene/build/moveit_hybrid_planning': CMAKE_PREFIX_PATH=/home/peishi/devel/planning_scene/install/moveit_resources_panda_moveit_config:/home/peishi/devel/planning_scene/install/moveit_resources_panda_description:/home/peishi/devel/planning_scene/install/perception_pipeline:/home/peishi/devel/planning_scene/install/moveit_visual_tools:/home/peishi/devel/planning_scene/install/moveit_resources:/home/peishi/devel/planning_scene/install/moveit_resources_pr2_description:/home/peishi/devel/planning_scene/install/moveit_resources_fanuc_moveit_config:/home/peishi/devel/planning_scene/install/moveit_resources_fanuc_description:/home/peishi/devel/ws_moveit2/install/task2:/home/peishi/devel/ws_moveit2/install/planning_scene_peishi:/home/peishi/devel/ws_moveit2/install/pilz_industrial_motion_planner_testutils:/home/peishi/devel/ws_moveit2/install/moveit_runtime:/home/peishi/devel/ws_moveit2/install/moveit2_tutorials:/home/peishi/devel/ws_moveit2/install/moveit:/home/peishi/devel/ws_moveit2/install/moveit_planners:/home/peishi/devel/ws_moveit2/install/pilz_industrial_motion_planner:/home/peishi/devel/ws_moveit2/install/mtc_tutorial:/home/peishi/devel/ws_moveit2/install/hello_moveit:/home/peishi/devel/ws_moveit2/install/moveit_visual_tools:/home/peishi/devel/ws_moveit2/install/moveit_task_constructor_visualization:/home/peishi/devel/ws_moveit2/install/moveit_task_constructor_demo:/home/peishi/devel/ws_moveit2/install/moveit_task_constructor_capabilities:/home/peishi/devel/ws_moveit2/install/Task2:/home/peishi/devel/ws_moveit2/install/moveit_task_constructor_core:/home/peishi/devel/ws_moveit2/install/moveit_ros_control_interface:/home/peishi/devel/ws_moveit2/install/moveit_plugins:/home/peishi/devel/ws_moveit2/install/moveit_simple_controller_manager:/home/peishi/devel/ws_moveit2/install/moveit_setup_assistant:/home/peishi/devel/ws_moveit2/install/moveit_setup_srdf_plugins:/home/peishi/devel/ws_moveit2/install/moveit_setup_core_plugins:/home/peishi/devel/ws_moveit2/install/moveit_setup_controllers:/home/peishi/devel/ws_moveit2/install/moveit_setup_app_plugins:/home/peishi/devel/ws_moveit2/install/moveit_setup_framework:/home/peishi/devel/ws_moveit2/install/moveit_servo:/home/peishi/devel/ws_moveit2/install/moveit_ros:/home/peishi/devel/ws_moveit2/install/moveit_ros_visualization:/home/peishi/devel/ws_moveit2/install/moveit_hybrid_planning:/home/peishi/devel/ws_moveit2/install/moveit_ros_planning_interface:/home/peishi/devel/ws_moveit2/install/moveit_ros_benchmarks:/home/peishi/devel/ws_moveit2/install/moveit_ros_warehouse:/home/peishi/devel/ws_moveit2/install/moveit_ros_robot_interaction:/home/peishi/devel/ws_moveit2/install/moveit_ros_perception:/home/peishi/devel/ws_moveit2/install/moveit_resources_prbt_pg70_support:/home/peishi/devel/ws_moveit2/install/moveit_resources_prbt_moveit_config:/home/peishi/devel/ws_moveit2/install/moveit_ros_move_group:/home/peishi/devel/ws_moveit2/install/moveit_planners_ompl:/home/peishi/devel/ws_moveit2/install/moveit_ros_planning:/home/peishi/devel/ws_moveit2/install/moveit_ros_occupancy_map_monitor:/home/peishi/devel/ws_moveit2/install/moveit_resources_prbt_ikfast_manipulator_plugin:/home/peishi/devel/ws_moveit2/install/moveit_planners_chomp:/home/peishi/devel/ws_moveit2/install/moveit_kinematics:/home/peishi/devel/ws_moveit2/install/moveit_chomp_optimizer_adapter:/home/peishi/devel/ws_moveit2/install/chomp_motion_planner:/home/peishi/devel/ws_moveit2/install/moveit_core:/home/peishi/devel/ws_moveit2/install/srdfdom:/home/peishi/devel/ws_moveit2/install/rviz_marker_tools:/home/peishi/devel/ws_moveit2/install/rosparam_shortcuts:/home/peishi/devel/ws_moveit2/install/moveit_task_constructor_msgs:/home/peishi/devel/ws_moveit2/install/moveit_resources_prbt_support:/home/peishi/devel/ws_moveit2/install/moveit_resources:/home/peishi/devel/ws_moveit2/install/moveit_resources_pr2_description:/home/peishi/devel/ws_moveit2/install/moveit_resources_panda_moveit_config:/home/peishi/devel/ws_moveit2/install/moveit_resources_panda_description:/home/peishi/devel/ws_moveit2/install/moveit_resources_fanuc_moveit_config:/home/peishi/devel/ws_moveit2/install/moveit_resources_fanuc_description:/home/peishi/devel/ws_moveit2/install/moveit_common:/home/peishi/devel/ws_moveit2/install/moveit_benchmark_resources:/home/peishi/devel/ws_moveit2/install/moveit_configs_utils:/home/peishi/devel/ws_moveit2/install/launch_param_builder:/opt/ros/humble /usr/bin/cmake --build /home/peishi/devel/planning_scene/build/moveit_hybrid_planning -- -j28 -l28
[4.634s] [  5%] [32mBuilding CXX object global_planner/global_planner_plugins/CMakeFiles/motion_planning_pipeline_plugin.dir/src/moveit_planning_pipeline.cpp.o[0m
[4.634s] [ 10%] [32mBuilding CXX object hybrid_planning_manager/hybrid_planning_manager_component/CMakeFiles/moveit_hybrid_planning_manager.dir/src/hybrid_planning_manager.cpp.o[0m
[4.635s] [ 15%] [32mBuilding CXX object global_planner/global_planner_component/CMakeFiles/moveit_global_planner_component.dir/src/global_planner_component.cpp.o[0m
[4.636s] [ 20%] [32mBuilding CXX object local_planner/trajectory_operator_plugins/CMakeFiles/simple_sampler_plugin.dir/src/simple_sampler.cpp.o[0m
[4.636s] [ 30%] [32mBuilding CXX object local_planner/local_planner_component/CMakeFiles/moveit_local_planner_component.dir/src/local_planner_component.cpp.o[0m
[4.636s] [ 30%] [32mBuilding CXX object local_planner/local_constraint_solver_plugins/CMakeFiles/forward_trajectory_plugin.dir/src/forward_trajectory.cpp.o[0m
[8.894s] [ 35%] [32m[1mLinking CXX shared library libsimple_sampler_plugin.so[0m
[9.620s] [ 35%] Built target simple_sampler_plugin
[11.282s] [ 40%] [32m[1mLinking CXX shared library libforward_trajectory_plugin.so[0m
[12.444s] [ 40%] Built target forward_trajectory_plugin
[12.592s] [ 45%] [32m[1mLinking CXX shared library libmotion_planning_pipeline_plugin.so[0m
[13.347s] [ 45%] Built target motion_planning_pipeline_plugin
[17.207s] [ 50%] [32m[1mLinking CXX shared library libmoveit_global_planner_component.so[0m
[17.590s] [ 50%] Built target moveit_global_planner_component
[19.660s] [ 55%] [32m[1mLinking CXX shared library libmoveit_hybrid_planning_manager.so[0m
[20.094s] [ 55%] Built target moveit_hybrid_planning_manager
[20.118s] [ 60%] [32mBuilding CXX object hybrid_planning_manager/planner_logic_plugins/CMakeFiles/single_plan_execution_plugin.dir/src/single_plan_execution.cpp.o[0m
[22.339s] [ 65%] [32m[1mLinking CXX shared library libmoveit_local_planner_component.so[0m
[23.146s] [ 70%] [32m[1mLinking CXX shared library libsingle_plan_execution_plugin.so[0m
[23.337s] [ 70%] Built target moveit_local_planner_component
[23.433s] [ 70%] Built target single_plan_execution_plugin
[23.463s] [ 75%] [32mBuilding CXX object hybrid_planning_manager/planner_logic_plugins/CMakeFiles/replan_invalidated_trajectory_plugin.dir/src/replan_invalidated_trajectory.cpp.o[0m
[26.316s] [ 80%] [32m[1mLinking CXX shared library libreplan_invalidated_trajectory_plugin.so[0m
[26.604s] [ 80%] Built target replan_invalidated_trajectory_plugin
[26.635s] [ 85%] [32mBuilding CXX object test/CMakeFiles/hybrid_planning_demo_node.dir/hybrid_planning_demo_node.cpp.o[0m
[26.635s] [ 90%] [32mBuilding CXX object test/CMakeFiles/cancel_action.dir/cancel_action.cpp.o[0m
[28.821s] [ 95%] [32m[1mLinking CXX executable cancel_action[0m
[29.140s] [ 95%] Built target cancel_action
[39.753s] [100%] [32m[1mLinking CXX executable hybrid_planning_demo_node[0m
[41.005s] [100%] Built target hybrid_planning_demo_node
[41.018s] Invoked command in '/home/peishi/devel/planning_scene/build/moveit_hybrid_planning' returned '0': CMAKE_PREFIX_PATH=/home/peishi/devel/planning_scene/install/moveit_resources_panda_moveit_config:/home/peishi/devel/planning_scene/install/moveit_resources_panda_description:/home/peishi/devel/planning_scene/install/perception_pipeline:/home/peishi/devel/planning_scene/install/moveit_visual_tools:/home/peishi/devel/planning_scene/install/moveit_resources:/home/peishi/devel/planning_scene/install/moveit_resources_pr2_description:/home/peishi/devel/planning_scene/install/moveit_resources_fanuc_moveit_config:/home/peishi/devel/planning_scene/install/moveit_resources_fanuc_description:/home/peishi/devel/ws_moveit2/install/task2:/home/peishi/devel/ws_moveit2/install/planning_scene_peishi:/home/peishi/devel/ws_moveit2/install/pilz_industrial_motion_planner_testutils:/home/peishi/devel/ws_moveit2/install/moveit_runtime:/home/peishi/devel/ws_moveit2/install/moveit2_tutorials:/home/peishi/devel/ws_moveit2/install/moveit:/home/peishi/devel/ws_moveit2/install/moveit_planners:/home/peishi/devel/ws_moveit2/install/pilz_industrial_motion_planner:/home/peishi/devel/ws_moveit2/install/mtc_tutorial:/home/peishi/devel/ws_moveit2/install/hello_moveit:/home/peishi/devel/ws_moveit2/install/moveit_visual_tools:/home/peishi/devel/ws_moveit2/install/moveit_task_constructor_visualization:/home/peishi/devel/ws_moveit2/install/moveit_task_constructor_demo:/home/peishi/devel/ws_moveit2/install/moveit_task_constructor_capabilities:/home/peishi/devel/ws_moveit2/install/Task2:/home/peishi/devel/ws_moveit2/install/moveit_task_constructor_core:/home/peishi/devel/ws_moveit2/install/moveit_ros_control_interface:/home/peishi/devel/ws_moveit2/install/moveit_plugins:/home/peishi/devel/ws_moveit2/install/moveit_simple_controller_manager:/home/peishi/devel/ws_moveit2/install/moveit_setup_assistant:/home/peishi/devel/ws_moveit2/install/moveit_setup_srdf_plugins:/home/peishi/devel/ws_moveit2/install/moveit_setup_core_plugins:/home/peishi/devel/ws_moveit2/install/moveit_setup_controllers:/home/peishi/devel/ws_moveit2/install/moveit_setup_app_plugins:/home/peishi/devel/ws_moveit2/install/moveit_setup_framework:/home/peishi/devel/ws_moveit2/install/moveit_servo:/home/peishi/devel/ws_moveit2/install/moveit_ros:/home/peishi/devel/ws_moveit2/install/moveit_ros_visualization:/home/peishi/devel/ws_moveit2/install/moveit_hybrid_planning:/home/peishi/devel/ws_moveit2/install/moveit_ros_planning_interface:/home/peishi/devel/ws_moveit2/install/moveit_ros_benchmarks:/home/peishi/devel/ws_moveit2/install/moveit_ros_warehouse:/home/peishi/devel/ws_moveit2/install/moveit_ros_robot_interaction:/home/peishi/devel/ws_moveit2/install/moveit_ros_perception:/home/peishi/devel/ws_moveit2/install/moveit_resources_prbt_pg70_support:/home/peishi/devel/ws_moveit2/install/moveit_resources_prbt_moveit_config:/home/peishi/devel/ws_moveit2/install/moveit_ros_move_group:/home/peishi/devel/ws_moveit2/install/moveit_planners_ompl:/home/peishi/devel/ws_moveit2/install/moveit_ros_planning:/home/peishi/devel/ws_moveit2/install/moveit_ros_occupancy_map_monitor:/home/peishi/devel/ws_moveit2/install/moveit_resources_prbt_ikfast_manipulator_plugin:/home/peishi/devel/ws_moveit2/install/moveit_planners_chomp:/home/peishi/devel/ws_moveit2/install/moveit_kinematics:/home/peishi/devel/ws_moveit2/install/moveit_chomp_optimizer_adapter:/home/peishi/devel/ws_moveit2/install/chomp_motion_planner:/home/peishi/devel/ws_moveit2/install/moveit_core:/home/peishi/devel/ws_moveit2/install/srdfdom:/home/peishi/devel/ws_moveit2/install/rviz_marker_tools:/home/peishi/devel/ws_moveit2/install/rosparam_shortcuts:/home/peishi/devel/ws_moveit2/install/moveit_task_constructor_msgs:/home/peishi/devel/ws_moveit2/install/moveit_resources_prbt_support:/home/peishi/devel/ws_moveit2/install/moveit_resources:/home/peishi/devel/ws_moveit2/install/moveit_resources_pr2_description:/home/peishi/devel/ws_moveit2/install/moveit_resources_panda_moveit_config:/home/peishi/devel/ws_moveit2/install/moveit_resources_panda_description:/home/peishi/devel/ws_moveit2/install/moveit_resources_fanuc_moveit_config:/home/peishi/devel/ws_moveit2/install/moveit_resources_fanuc_description:/home/peishi/devel/ws_moveit2/install/moveit_common:/home/peishi/devel/ws_moveit2/install/moveit_benchmark_resources:/home/peishi/devel/ws_moveit2/install/moveit_configs_utils:/home/peishi/devel/ws_moveit2/install/launch_param_builder:/opt/ros/humble /usr/bin/cmake --build /home/peishi/devel/planning_scene/build/moveit_hybrid_planning -- -j28 -l28
[41.088s] Invoking command in '/home/peishi/devel/planning_scene/build/moveit_hybrid_planning': CMAKE_PREFIX_PATH=/home/peishi/devel/planning_scene/install/moveit_resources_panda_moveit_config:/home/peishi/devel/planning_scene/install/moveit_resources_panda_description:/home/peishi/devel/planning_scene/install/perception_pipeline:/home/peishi/devel/planning_scene/install/moveit_visual_tools:/home/peishi/devel/planning_scene/install/moveit_resources:/home/peishi/devel/planning_scene/install/moveit_resources_pr2_description:/home/peishi/devel/planning_scene/install/moveit_resources_fanuc_moveit_config:/home/peishi/devel/planning_scene/install/moveit_resources_fanuc_description:/home/peishi/devel/ws_moveit2/install/task2:/home/peishi/devel/ws_moveit2/install/planning_scene_peishi:/home/peishi/devel/ws_moveit2/install/pilz_industrial_motion_planner_testutils:/home/peishi/devel/ws_moveit2/install/moveit_runtime:/home/peishi/devel/ws_moveit2/install/moveit2_tutorials:/home/peishi/devel/ws_moveit2/install/moveit:/home/peishi/devel/ws_moveit2/install/moveit_planners:/home/peishi/devel/ws_moveit2/install/pilz_industrial_motion_planner:/home/peishi/devel/ws_moveit2/install/mtc_tutorial:/home/peishi/devel/ws_moveit2/install/hello_moveit:/home/peishi/devel/ws_moveit2/install/moveit_visual_tools:/home/peishi/devel/ws_moveit2/install/moveit_task_constructor_visualization:/home/peishi/devel/ws_moveit2/install/moveit_task_constructor_demo:/home/peishi/devel/ws_moveit2/install/moveit_task_constructor_capabilities:/home/peishi/devel/ws_moveit2/install/Task2:/home/peishi/devel/ws_moveit2/install/moveit_task_constructor_core:/home/peishi/devel/ws_moveit2/install/moveit_ros_control_interface:/home/peishi/devel/ws_moveit2/install/moveit_plugins:/home/peishi/devel/ws_moveit2/install/moveit_simple_controller_manager:/home/peishi/devel/ws_moveit2/install/moveit_setup_assistant:/home/peishi/devel/ws_moveit2/install/moveit_setup_srdf_plugins:/home/peishi/devel/ws_moveit2/install/moveit_setup_core_plugins:/home/peishi/devel/ws_moveit2/install/moveit_setup_controllers:/home/peishi/devel/ws_moveit2/install/moveit_setup_app_plugins:/home/peishi/devel/ws_moveit2/install/moveit_setup_framework:/home/peishi/devel/ws_moveit2/install/moveit_servo:/home/peishi/devel/ws_moveit2/install/moveit_ros:/home/peishi/devel/ws_moveit2/install/moveit_ros_visualization:/home/peishi/devel/ws_moveit2/install/moveit_hybrid_planning:/home/peishi/devel/ws_moveit2/install/moveit_ros_planning_interface:/home/peishi/devel/ws_moveit2/install/moveit_ros_benchmarks:/home/peishi/devel/ws_moveit2/install/moveit_ros_warehouse:/home/peishi/devel/ws_moveit2/install/moveit_ros_robot_interaction:/home/peishi/devel/ws_moveit2/install/moveit_ros_perception:/home/peishi/devel/ws_moveit2/install/moveit_resources_prbt_pg70_support:/home/peishi/devel/ws_moveit2/install/moveit_resources_prbt_moveit_config:/home/peishi/devel/ws_moveit2/install/moveit_ros_move_group:/home/peishi/devel/ws_moveit2/install/moveit_planners_ompl:/home/peishi/devel/ws_moveit2/install/moveit_ros_planning:/home/peishi/devel/ws_moveit2/install/moveit_ros_occupancy_map_monitor:/home/peishi/devel/ws_moveit2/install/moveit_resources_prbt_ikfast_manipulator_plugin:/home/peishi/devel/ws_moveit2/install/moveit_planners_chomp:/home/peishi/devel/ws_moveit2/install/moveit_kinematics:/home/peishi/devel/ws_moveit2/install/moveit_chomp_optimizer_adapter:/home/peishi/devel/ws_moveit2/install/chomp_motion_planner:/home/peishi/devel/ws_moveit2/install/moveit_core:/home/peishi/devel/ws_moveit2/install/srdfdom:/home/peishi/devel/ws_moveit2/install/rviz_marker_tools:/home/peishi/devel/ws_moveit2/install/rosparam_shortcuts:/home/peishi/devel/ws_moveit2/install/moveit_task_constructor_msgs:/home/peishi/devel/ws_moveit2/install/moveit_resources_prbt_support:/home/peishi/devel/ws_moveit2/install/moveit_resources:/home/peishi/devel/ws_moveit2/install/moveit_resources_pr2_description:/home/peishi/devel/ws_moveit2/install/moveit_resources_panda_moveit_config:/home/peishi/devel/ws_moveit2/install/moveit_resources_panda_description:/home/peishi/devel/ws_moveit2/install/moveit_resources_fanuc_moveit_config:/home/peishi/devel/ws_moveit2/install/moveit_resources_fanuc_description:/home/peishi/devel/ws_moveit2/install/moveit_common:/home/peishi/devel/ws_moveit2/install/moveit_benchmark_resources:/home/peishi/devel/ws_moveit2/install/moveit_configs_utils:/home/peishi/devel/ws_moveit2/install/launch_param_builder:/opt/ros/humble /usr/bin/cmake --install /home/peishi/devel/planning_scene/build/moveit_hybrid_planning
[41.096s] -- Install configuration: "Release"
[41.097s] -- Installing: /home/peishi/devel/planning_scene/install/moveit_hybrid_planning/lib/libmoveit_global_planner_component.so.2.5.5
[41.099s] -- Set runtime path of "/home/peishi/devel/planning_scene/install/moveit_hybrid_planning/lib/libmoveit_global_planner_component.so.2.5.5" to ""
[41.099s] -- Installing: /home/peishi/devel/planning_scene/install/moveit_hybrid_planning/lib/libmoveit_global_planner_component.so
[41.100s] -- Installing: /home/peishi/devel/planning_scene/install/moveit_hybrid_planning/lib/libmoveit_hybrid_planning_manager.so.2.5.5
[41.103s] -- Set runtime path of "/home/peishi/devel/planning_scene/install/moveit_hybrid_planning/lib/libmoveit_hybrid_planning_manager.so.2.5.5" to ""
[41.103s] -- Installing: /home/peishi/devel/planning_scene/install/moveit_hybrid_planning/lib/libmoveit_hybrid_planning_manager.so
[41.103s] -- Installing: /home/peishi/devel/planning_scene/install/moveit_hybrid_planning/lib/libmoveit_local_planner_component.so.2.5.5
[41.107s] -- Set runtime path of "/home/peishi/devel/planning_scene/install/moveit_hybrid_planning/lib/libmoveit_local_planner_component.so.2.5.5" to ""
[41.107s] -- Installing: /home/peishi/devel/planning_scene/install/moveit_hybrid_planning/lib/libmoveit_local_planner_component.so
[41.107s] -- Installing: /home/peishi/devel/planning_scene/install/moveit_hybrid_planning/lib/libforward_trajectory_plugin.so.2.5.5
[41.107s] -- Set runtime path of "/home/peishi/devel/planning_scene/install/moveit_hybrid_planning/lib/libforward_trajectory_plugin.so.2.5.5" to ""
[41.107s] -- Installing: /home/peishi/devel/planning_scene/install/moveit_hybrid_planning/lib/libforward_trajectory_plugin.so
[41.108s] -- Installing: /home/peishi/devel/planning_scene/install/moveit_hybrid_planning/lib/libmotion_planning_pipeline_plugin.so.2.5.5
[41.108s] -- Set runtime path of "/home/peishi/devel/planning_scene/install/moveit_hybrid_planning/lib/libmotion_planning_pipeline_plugin.so.2.5.5" to ""
[41.108s] -- Installing: /home/peishi/devel/planning_scene/install/moveit_hybrid_planning/lib/libmotion_planning_pipeline_plugin.so
[41.108s] -- Installing: /home/peishi/devel/planning_scene/install/moveit_hybrid_planning/lib/libreplan_invalidated_trajectory_plugin.so.2.5.5
[41.108s] -- Set runtime path of "/home/peishi/devel/planning_scene/install/moveit_hybrid_planning/lib/libreplan_invalidated_trajectory_plugin.so.2.5.5" to ""
[41.108s] -- Installing: /home/peishi/devel/planning_scene/install/moveit_hybrid_planning/lib/libreplan_invalidated_trajectory_plugin.so
[41.109s] -- Installing: /home/peishi/devel/planning_scene/install/moveit_hybrid_planning/lib/libsimple_sampler_plugin.so.2.5.5
[41.109s] -- Set runtime path of "/home/peishi/devel/planning_scene/install/moveit_hybrid_planning/lib/libsimple_sampler_plugin.so.2.5.5" to ""
[41.109s] -- Installing: /home/peishi/devel/planning_scene/install/moveit_hybrid_planning/lib/libsimple_sampler_plugin.so
[41.109s] -- Installing: /home/peishi/devel/planning_scene/install/moveit_hybrid_planning/lib/libsingle_plan_execution_plugin.so.2.5.5
[41.109s] -- Set runtime path of "/home/peishi/devel/planning_scene/install/moveit_hybrid_planning/lib/libsingle_plan_execution_plugin.so.2.5.5" to ""
[41.109s] -- Installing: /home/peishi/devel/planning_scene/install/moveit_hybrid_planning/lib/libsingle_plan_execution_plugin.so
[41.110s] -- Installing: /home/peishi/devel/planning_scene/install/moveit_hybrid_planning/lib/moveit_hybrid_planning/cancel_action
[41.110s] -- Set runtime path of "/home/peishi/devel/planning_scene/install/moveit_hybrid_planning/lib/moveit_hybrid_planning/cancel_action" to ""
[41.110s] -- Installing: /home/peishi/devel/planning_scene/install/moveit_hybrid_planning/lib/moveit_hybrid_planning/hybrid_planning_demo_node
[41.110s] -- Set runtime path of "/home/peishi/devel/planning_scene/install/moveit_hybrid_planning/lib/moveit_hybrid_planning/hybrid_planning_demo_node" to ""
[41.110s] -- Installing: /home/peishi/devel/planning_scene/install/moveit_hybrid_planning/include
[41.110s] -- Installing: /home/peishi/devel/planning_scene/install/moveit_hybrid_planning/include/moveit
[41.110s] -- Installing: /home/peishi/devel/planning_scene/install/moveit_hybrid_planning/include/moveit/global_planner
[41.111s] -- Installing: /home/peishi/devel/planning_scene/install/moveit_hybrid_planning/include/moveit/global_planner/global_planner_component.h
[41.111s] -- Installing: /home/peishi/devel/planning_scene/install/moveit_hybrid_planning/include/moveit/global_planner/global_planner_interface.h
[41.111s] -- Up-to-date: /home/peishi/devel/planning_scene/install/moveit_hybrid_planning/include
[41.111s] -- Up-to-date: /home/peishi/devel/planning_scene/install/moveit_hybrid_planning/include/moveit
[41.111s] -- Up-to-date: /home/peishi/devel/planning_scene/install/moveit_hybrid_planning/include/moveit/global_planner
[41.111s] -- Installing: /home/peishi/devel/planning_scene/install/moveit_hybrid_planning/include/moveit/global_planner/moveit_planning_pipeline.h
[41.111s] -- Up-to-date: /home/peishi/devel/planning_scene/install/moveit_hybrid_planning/include
[41.111s] -- Up-to-date: /home/peishi/devel/planning_scene/install/moveit_hybrid_planning/include/moveit
[41.111s] -- Installing: /home/peishi/devel/planning_scene/install/moveit_hybrid_planning/include/moveit/hybrid_planning_manager
[41.111s] -- Installing: /home/peishi/devel/planning_scene/install/moveit_hybrid_planning/include/moveit/hybrid_planning_manager/hybrid_planning_events.h
[41.111s] -- Installing: /home/peishi/devel/planning_scene/install/moveit_hybrid_planning/include/moveit/hybrid_planning_manager/planner_logic_interface.h
[41.111s] -- Installing: /home/peishi/devel/planning_scene/install/moveit_hybrid_planning/include/moveit/hybrid_planning_manager/moveit_error_code_interface.h
[41.111s] -- Installing: /home/peishi/devel/planning_scene/install/moveit_hybrid_planning/include/moveit/hybrid_planning_manager/hybrid_planning_manager.h
[41.112s] -- Up-to-date: /home/peishi/devel/planning_scene/install/moveit_hybrid_planning/include
[41.112s] -- Up-to-date: /home/peishi/devel/planning_scene/install/moveit_hybrid_planning/include/moveit
[41.112s] -- Installing: /home/peishi/devel/planning_scene/install/moveit_hybrid_planning/include/moveit/planner_logic_plugins
[41.112s] -- Installing: /home/peishi/devel/planning_scene/install/moveit_hybrid_planning/include/moveit/planner_logic_plugins/single_plan_execution.h
[41.112s] -- Installing: /home/peishi/devel/planning_scene/install/moveit_hybrid_planning/include/moveit/planner_logic_plugins/replan_invalidated_trajectory.h
[41.112s] -- Up-to-date: /home/peishi/devel/planning_scene/install/moveit_hybrid_planning/include
[41.112s] -- Up-to-date: /home/peishi/devel/planning_scene/install/moveit_hybrid_planning/include/moveit
[41.112s] -- Installing: /home/peishi/devel/planning_scene/install/moveit_hybrid_planning/include/moveit/local_planner
[41.112s] -- Installing: /home/peishi/devel/planning_scene/install/moveit_hybrid_planning/include/moveit/local_planner/local_constraint_solver_interface.h
[41.112s] -- Installing: /home/peishi/devel/planning_scene/install/moveit_hybrid_planning/include/moveit/local_planner/feedback_types.h
[41.112s] -- Installing: /home/peishi/devel/planning_scene/install/moveit_hybrid_planning/include/moveit/local_planner/local_planner_component.h
[41.112s] -- Installing: /home/peishi/devel/planning_scene/install/moveit_hybrid_planning/include/moveit/local_planner/trajectory_operator_interface.h
[41.112s] -- Up-to-date: /home/peishi/devel/planning_scene/install/moveit_hybrid_planning/include
[41.112s] -- Up-to-date: /home/peishi/devel/planning_scene/install/moveit_hybrid_planning/include/moveit
[41.112s] -- Installing: /home/peishi/devel/planning_scene/install/moveit_hybrid_planning/include/moveit/trajectory_operator_plugins
[41.112s] -- Installing: /home/peishi/devel/planning_scene/install/moveit_hybrid_planning/include/moveit/trajectory_operator_plugins/simple_sampler.h
[41.112s] -- Up-to-date: /home/peishi/devel/planning_scene/install/moveit_hybrid_planning/include
[41.112s] -- Up-to-date: /home/peishi/devel/planning_scene/install/moveit_hybrid_planning/include/moveit
[41.112s] -- Installing: /home/peishi/devel/planning_scene/install/moveit_hybrid_planning/include/moveit/local_constraint_solver_plugins
[41.112s] -- Installing: /home/peishi/devel/planning_scene/install/moveit_hybrid_planning/include/moveit/local_constraint_solver_plugins/forward_trajectory.h
[41.112s] -- Installing: /home/peishi/devel/planning_scene/install/moveit_hybrid_planning/share/moveit_hybrid_planning/launch
[41.112s] -- Installing: /home/peishi/devel/planning_scene/install/moveit_hybrid_planning/share/moveit_hybrid_planning/launch/hybrid_planning_common.py
[41.112s] -- Installing: /home/peishi/devel/planning_scene/install/moveit_hybrid_planning/share/moveit_hybrid_planning/launch/hybrid_planning_demo.launch.py
[41.113s] -- Installing: /home/peishi/devel/planning_scene/install/moveit_hybrid_planning/share/moveit_hybrid_planning/launch/test_basic_integration.test.py
[41.113s] -- Installing: /home/peishi/devel/planning_scene/install/moveit_hybrid_planning/share/moveit_hybrid_planning/config
[41.113s] -- Installing: /home/peishi/devel/planning_scene/install/moveit_hybrid_planning/share/moveit_hybrid_planning/config/hybrid_planning_manager.yaml
[41.113s] -- Installing: /home/peishi/devel/planning_scene/install/moveit_hybrid_planning/share/moveit_hybrid_planning/config/hybrid_planning_demo.rviz
[41.113s] -- Installing: /home/peishi/devel/planning_scene/install/moveit_hybrid_planning/share/moveit_hybrid_planning/config/demo_controller.yaml
[41.113s] -- Installing: /home/peishi/devel/planning_scene/install/moveit_hybrid_planning/share/moveit_hybrid_planning/config/common_hybrid_planning_params.yaml
[41.113s] -- Installing: /home/peishi/devel/planning_scene/install/moveit_hybrid_planning/share/moveit_hybrid_planning/config/global_planner.yaml
[41.113s] -- Installing: /home/peishi/devel/planning_scene/install/moveit_hybrid_planning/share/moveit_hybrid_planning/config/local_planner.yaml
[41.113s] -- Installing: /home/peishi/devel/planning_scene/install/moveit_hybrid_planning/share/moveit_hybrid_planning/single_plan_execution_plugin.xml
[41.113s] -- Installing: /home/peishi/devel/planning_scene/install/moveit_hybrid_planning/share/moveit_hybrid_planning/moveit_planning_pipeline_plugin.xml
[41.113s] -- Installing: /home/peishi/devel/planning_scene/install/moveit_hybrid_planning/share/moveit_hybrid_planning/simple_sampler_plugin.xml
[41.113s] -- Installing: /home/peishi/devel/planning_scene/install/moveit_hybrid_planning/share/moveit_hybrid_planning/replan_invalidated_trajectory_plugin.xml
[41.113s] -- Installing: /home/peishi/devel/planning_scene/install/moveit_hybrid_planning/share/moveit_hybrid_planning/forward_trajectory_plugin.xml
[41.113s] -- Installing: /home/peishi/devel/planning_scene/install/moveit_hybrid_planning/share/moveit_hybrid_planning/environment/library_path.sh
[41.113s] -- Installing: /home/peishi/devel/planning_scene/install/moveit_hybrid_planning/share/moveit_hybrid_planning/environment/library_path.dsv
[41.113s] -- Installing: /home/peishi/devel/planning_scene/install/moveit_hybrid_planning/share/ament_index/resource_index/package_run_dependencies/moveit_hybrid_planning
[41.113s] -- Installing: /home/peishi/devel/planning_scene/install/moveit_hybrid_planning/share/ament_index/resource_index/parent_prefix_path/moveit_hybrid_planning
[41.113s] -- Installing: /home/peishi/devel/planning_scene/install/moveit_hybrid_planning/share/moveit_hybrid_planning/environment/ament_prefix_path.sh
[41.114s] -- Installing: /home/peishi/devel/planning_scene/install/moveit_hybrid_planning/share/moveit_hybrid_planning/environment/ament_prefix_path.dsv
[41.114s] -- Installing: /home/peishi/devel/planning_scene/install/moveit_hybrid_planning/share/moveit_hybrid_planning/environment/path.sh
[41.114s] -- Installing: /home/peishi/devel/planning_scene/install/moveit_hybrid_planning/share/moveit_hybrid_planning/environment/path.dsv
[41.114s] -- Installing: /home/peishi/devel/planning_scene/install/moveit_hybrid_planning/share/moveit_hybrid_planning/local_setup.bash
[41.114s] -- Installing: /home/peishi/devel/planning_scene/install/moveit_hybrid_planning/share/moveit_hybrid_planning/local_setup.sh
[41.114s] -- Installing: /home/peishi/devel/planning_scene/install/moveit_hybrid_planning/share/moveit_hybrid_planning/local_setup.zsh
[41.114s] -- Installing: /home/peishi/devel/planning_scene/install/moveit_hybrid_planning/share/moveit_hybrid_planning/local_setup.dsv
[41.114s] -- Installing: /home/peishi/devel/planning_scene/install/moveit_hybrid_planning/share/moveit_hybrid_planning/package.dsv
[41.114s] -- Installing: /home/peishi/devel/planning_scene/install/moveit_hybrid_planning/share/ament_index/resource_index/packages/moveit_hybrid_planning
[41.114s] -- Installing: /home/peishi/devel/planning_scene/install/moveit_hybrid_planning/share/ament_index/resource_index/moveit_hybrid_planning__pluginlib__plugin/moveit_hybrid_planning
[41.114s] -- Installing: /home/peishi/devel/planning_scene/install/moveit_hybrid_planning/share/ament_index/resource_index/rclcpp_components/moveit_hybrid_planning
[41.114s] -- Installing: /home/peishi/devel/planning_scene/install/moveit_hybrid_planning/share/moveit_hybrid_planning/cmake/export_moveit_hybrid_planningExport.cmake
[41.114s] -- Installing: /home/peishi/devel/planning_scene/install/moveit_hybrid_planning/share/moveit_hybrid_planning/cmake/export_moveit_hybrid_planningExport-release.cmake
[41.114s] -- Installing: /home/peishi/devel/planning_scene/install/moveit_hybrid_planning/share/moveit_hybrid_planning/cmake/ament_cmake_export_include_directories-extras.cmake
[41.114s] -- Installing: /home/peishi/devel/planning_scene/install/moveit_hybrid_planning/share/moveit_hybrid_planning/cmake/ament_cmake_export_libraries-extras.cmake
[41.115s] -- Installing: /home/peishi/devel/planning_scene/install/moveit_hybrid_planning/share/moveit_hybrid_planning/cmake/ament_cmake_export_dependencies-extras.cmake
[41.115s] -- Installing: /home/peishi/devel/planning_scene/install/moveit_hybrid_planning/share/moveit_hybrid_planning/cmake/ament_cmake_export_targets-extras.cmake
[41.115s] -- Installing: /home/peishi/devel/planning_scene/install/moveit_hybrid_planning/share/moveit_hybrid_planning/cmake/moveit_hybrid_planningConfig.cmake
[41.115s] -- Installing: /home/peishi/devel/planning_scene/install/moveit_hybrid_planning/share/moveit_hybrid_planning/cmake/moveit_hybrid_planningConfig-version.cmake
[41.115s] -- Installing: /home/peishi/devel/planning_scene/install/moveit_hybrid_planning/share/moveit_hybrid_planning/package.xml
[41.117s] Invoked command in '/home/peishi/devel/planning_scene/build/moveit_hybrid_planning' returned '0': CMAKE_PREFIX_PATH=/home/peishi/devel/planning_scene/install/moveit_resources_panda_moveit_config:/home/peishi/devel/planning_scene/install/moveit_resources_panda_description:/home/peishi/devel/planning_scene/install/perception_pipeline:/home/peishi/devel/planning_scene/install/moveit_visual_tools:/home/peishi/devel/planning_scene/install/moveit_resources:/home/peishi/devel/planning_scene/install/moveit_resources_pr2_description:/home/peishi/devel/planning_scene/install/moveit_resources_fanuc_moveit_config:/home/peishi/devel/planning_scene/install/moveit_resources_fanuc_description:/home/peishi/devel/ws_moveit2/install/task2:/home/peishi/devel/ws_moveit2/install/planning_scene_peishi:/home/peishi/devel/ws_moveit2/install/pilz_industrial_motion_planner_testutils:/home/peishi/devel/ws_moveit2/install/moveit_runtime:/home/peishi/devel/ws_moveit2/install/moveit2_tutorials:/home/peishi/devel/ws_moveit2/install/moveit:/home/peishi/devel/ws_moveit2/install/moveit_planners:/home/peishi/devel/ws_moveit2/install/pilz_industrial_motion_planner:/home/peishi/devel/ws_moveit2/install/mtc_tutorial:/home/peishi/devel/ws_moveit2/install/hello_moveit:/home/peishi/devel/ws_moveit2/install/moveit_visual_tools:/home/peishi/devel/ws_moveit2/install/moveit_task_constructor_visualization:/home/peishi/devel/ws_moveit2/install/moveit_task_constructor_demo:/home/peishi/devel/ws_moveit2/install/moveit_task_constructor_capabilities:/home/peishi/devel/ws_moveit2/install/Task2:/home/peishi/devel/ws_moveit2/install/moveit_task_constructor_core:/home/peishi/devel/ws_moveit2/install/moveit_ros_control_interface:/home/peishi/devel/ws_moveit2/install/moveit_plugins:/home/peishi/devel/ws_moveit2/install/moveit_simple_controller_manager:/home/peishi/devel/ws_moveit2/install/moveit_setup_assistant:/home/peishi/devel/ws_moveit2/install/moveit_setup_srdf_plugins:/home/peishi/devel/ws_moveit2/install/moveit_setup_core_plugins:/home/peishi/devel/ws_moveit2/install/moveit_setup_controllers:/home/peishi/devel/ws_moveit2/install/moveit_setup_app_plugins:/home/peishi/devel/ws_moveit2/install/moveit_setup_framework:/home/peishi/devel/ws_moveit2/install/moveit_servo:/home/peishi/devel/ws_moveit2/install/moveit_ros:/home/peishi/devel/ws_moveit2/install/moveit_ros_visualization:/home/peishi/devel/ws_moveit2/install/moveit_hybrid_planning:/home/peishi/devel/ws_moveit2/install/moveit_ros_planning_interface:/home/peishi/devel/ws_moveit2/install/moveit_ros_benchmarks:/home/peishi/devel/ws_moveit2/install/moveit_ros_warehouse:/home/peishi/devel/ws_moveit2/install/moveit_ros_robot_interaction:/home/peishi/devel/ws_moveit2/install/moveit_ros_perception:/home/peishi/devel/ws_moveit2/install/moveit_resources_prbt_pg70_support:/home/peishi/devel/ws_moveit2/install/moveit_resources_prbt_moveit_config:/home/peishi/devel/ws_moveit2/install/moveit_ros_move_group:/home/peishi/devel/ws_moveit2/install/moveit_planners_ompl:/home/peishi/devel/ws_moveit2/install/moveit_ros_planning:/home/peishi/devel/ws_moveit2/install/moveit_ros_occupancy_map_monitor:/home/peishi/devel/ws_moveit2/install/moveit_resources_prbt_ikfast_manipulator_plugin:/home/peishi/devel/ws_moveit2/install/moveit_planners_chomp:/home/peishi/devel/ws_moveit2/install/moveit_kinematics:/home/peishi/devel/ws_moveit2/install/moveit_chomp_optimizer_adapter:/home/peishi/devel/ws_moveit2/install/chomp_motion_planner:/home/peishi/devel/ws_moveit2/install/moveit_core:/home/peishi/devel/ws_moveit2/install/srdfdom:/home/peishi/devel/ws_moveit2/install/rviz_marker_tools:/home/peishi/devel/ws_moveit2/install/rosparam_shortcuts:/home/peishi/devel/ws_moveit2/install/moveit_task_constructor_msgs:/home/peishi/devel/ws_moveit2/install/moveit_resources_prbt_support:/home/peishi/devel/ws_moveit2/install/moveit_resources:/home/peishi/devel/ws_moveit2/install/moveit_resources_pr2_description:/home/peishi/devel/ws_moveit2/install/moveit_resources_panda_moveit_config:/home/peishi/devel/ws_moveit2/install/moveit_resources_panda_description:/home/peishi/devel/ws_moveit2/install/moveit_resources_fanuc_moveit_config:/home/peishi/devel/ws_moveit2/install/moveit_resources_fanuc_description:/home/peishi/devel/ws_moveit2/install/moveit_common:/home/peishi/devel/ws_moveit2/install/moveit_benchmark_resources:/home/peishi/devel/ws_moveit2/install/moveit_configs_utils:/home/peishi/devel/ws_moveit2/install/launch_param_builder:/opt/ros/humble /usr/bin/cmake --install /home/peishi/devel/planning_scene/build/moveit_hybrid_planning
