[0.017s] Invoking command in '/home/peishi/devel/planning_scene/build/moveit_visual_tools': CMAKE_PREFIX_PATH=${CMAKE_PREFIX_PATH}:/opt/ros/humble /usr/bin/cmake --build /home/peishi/devel/planning_scene/build/moveit_visual_tools -- -j28 -l28
[0.068s] [35m[1mConsolidate compiler generated dependencies of target moveit_visual_tools[0m
[0.100s] [ 66%] Built target moveit_visual_tools
[0.107s] [35m[1mConsolidate compiler generated dependencies of target moveit_visual_tools_demo[0m
[0.133s] [100%] Built target moveit_visual_tools_demo
[0.159s] Invoked command in '/home/peishi/devel/planning_scene/build/moveit_visual_tools' returned '0': CMAKE_PREFIX_PATH=${CMAKE_PREFIX_PATH}:/opt/ros/humble /usr/bin/cmake --build /home/peishi/devel/planning_scene/build/moveit_visual_tools -- -j28 -l28
[0.193s] Invoking command in '/home/peishi/devel/planning_scene/build/moveit_visual_tools': CMAKE_PREFIX_PATH=${CMAKE_PREFIX_PATH}:/opt/ros/humble /usr/bin/cmake --install /home/peishi/devel/planning_scene/build/moveit_visual_tools
[0.202s] -- Install configuration: "Release"
[0.203s] -- Up-to-date: /home/peishi/devel/planning_scene/install/moveit_visual_tools/share/moveit_visual_tools/environment/library_path.sh
[0.203s] -- Up-to-date: /home/peishi/devel/planning_scene/install/moveit_visual_tools/share/moveit_visual_tools/environment/library_path.dsv
[0.203s] -- Up-to-date: /home/peishi/devel/planning_scene/install/moveit_visual_tools/lib/libmoveit_visual_tools.so
[0.203s] -- Up-to-date: /home/peishi/devel/planning_scene/install/moveit_visual_tools/lib/moveit_visual_tools/moveit_visual_tools_demo
[0.203s] -- Up-to-date: /home/peishi/devel/planning_scene/install/moveit_visual_tools/include
[0.203s] -- Up-to-date: /home/peishi/devel/planning_scene/install/moveit_visual_tools/include/moveit_visual_tools
[0.203s] -- Up-to-date: /home/peishi/devel/planning_scene/install/moveit_visual_tools/include/moveit_visual_tools/imarker_end_effector.h
[0.203s] -- Up-to-date: /home/peishi/devel/planning_scene/install/moveit_visual_tools/include/moveit_visual_tools/moveit_visual_tools.h
[0.203s] -- Up-to-date: /home/peishi/devel/planning_scene/install/moveit_visual_tools/include/moveit_visual_tools/imarker_robot_state.h
[0.203s] -- Up-to-date: /home/peishi/devel/planning_scene/install/moveit_visual_tools/share/moveit_visual_tools/launch
[0.204s] -- Up-to-date: /home/peishi/devel/planning_scene/install/moveit_visual_tools/share/moveit_visual_tools/launch/demo.rviz
[0.204s] -- Up-to-date: /home/peishi/devel/planning_scene/install/moveit_visual_tools/share/moveit_visual_tools/launch/demo_rviz.launch.py
[0.204s] -- Up-to-date: /home/peishi/devel/planning_scene/install/moveit_visual_tools/share/moveit_visual_tools/resources
[0.204s] -- Up-to-date: /home/peishi/devel/planning_scene/install/moveit_visual_tools/share/moveit_visual_tools/resources/rrbot.urdf
[0.204s] -- Up-to-date: /home/peishi/devel/planning_scene/install/moveit_visual_tools/share/moveit_visual_tools/resources/screenshot.png
[0.204s] -- Up-to-date: /home/peishi/devel/planning_scene/install/moveit_visual_tools/share/moveit_visual_tools/resources/rrbot.srdf
[0.204s] -- Up-to-date: /home/peishi/devel/planning_scene/install/moveit_visual_tools/share/moveit_visual_tools/resources/demo.png
[0.204s] -- Up-to-date: /home/peishi/devel/planning_scene/install/moveit_visual_tools/share/moveit_visual_tools/resources/demo_mesh.stl
[0.204s] -- Up-to-date: /home/peishi/devel/planning_scene/install/moveit_visual_tools/share/ament_index/resource_index/package_run_dependencies/moveit_visual_tools
[0.205s] -- Up-to-date: /home/peishi/devel/planning_scene/install/moveit_visual_tools/share/ament_index/resource_index/parent_prefix_path/moveit_visual_tools
[0.205s] -- Up-to-date: /home/peishi/devel/planning_scene/install/moveit_visual_tools/share/moveit_visual_tools/environment/ament_prefix_path.sh
[0.205s] -- Up-to-date: /home/peishi/devel/planning_scene/install/moveit_visual_tools/share/moveit_visual_tools/environment/ament_prefix_path.dsv
[0.205s] -- Up-to-date: /home/peishi/devel/planning_scene/install/moveit_visual_tools/share/moveit_visual_tools/environment/path.sh
[0.205s] -- Up-to-date: /home/peishi/devel/planning_scene/install/moveit_visual_tools/share/moveit_visual_tools/environment/path.dsv
[0.205s] -- Up-to-date: /home/peishi/devel/planning_scene/install/moveit_visual_tools/share/moveit_visual_tools/local_setup.bash
[0.205s] -- Up-to-date: /home/peishi/devel/planning_scene/install/moveit_visual_tools/share/moveit_visual_tools/local_setup.sh
[0.205s] -- Up-to-date: /home/peishi/devel/planning_scene/install/moveit_visual_tools/share/moveit_visual_tools/local_setup.zsh
[0.206s] -- Up-to-date: /home/peishi/devel/planning_scene/install/moveit_visual_tools/share/moveit_visual_tools/local_setup.dsv
[0.206s] -- Installing: /home/peishi/devel/planning_scene/install/moveit_visual_tools/share/moveit_visual_tools/package.dsv
[0.206s] -- Up-to-date: /home/peishi/devel/planning_scene/install/moveit_visual_tools/share/ament_index/resource_index/packages/moveit_visual_tools
[0.206s] -- Up-to-date: /home/peishi/devel/planning_scene/install/moveit_visual_tools/share/moveit_visual_tools/cmake/export_moveit_visual_toolsExport.cmake
[0.206s] -- Up-to-date: /home/peishi/devel/planning_scene/install/moveit_visual_tools/share/moveit_visual_tools/cmake/export_moveit_visual_toolsExport-release.cmake
[0.206s] -- Up-to-date: /home/peishi/devel/planning_scene/install/moveit_visual_tools/share/moveit_visual_tools/cmake/ament_cmake_export_targets-extras.cmake
[0.206s] -- Up-to-date: /home/peishi/devel/planning_scene/install/moveit_visual_tools/share/moveit_visual_tools/cmake/ament_cmake_export_dependencies-extras.cmake
[0.206s] -- Up-to-date: /home/peishi/devel/planning_scene/install/moveit_visual_tools/share/moveit_visual_tools/cmake/moveit_visual_toolsConfig.cmake
[0.206s] -- Up-to-date: /home/peishi/devel/planning_scene/install/moveit_visual_tools/share/moveit_visual_tools/cmake/moveit_visual_toolsConfig-version.cmake
[0.206s] -- Up-to-date: /home/peishi/devel/planning_scene/install/moveit_visual_tools/share/moveit_visual_tools/package.xml
[0.207s] Invoked command in '/home/peishi/devel/planning_scene/build/moveit_visual_tools' returned '0': CMAKE_PREFIX_PATH=${CMAKE_PREFIX_PATH}:/opt/ros/humble /usr/bin/cmake --install /home/peishi/devel/planning_scene/build/moveit_visual_tools
