[0.018s] Invoking command in '/home/peishi/devel/planning_scene/build/moveit_resources_fanuc_description': CMAKE_PREFIX_PATH=${CMAKE_PREFIX_PATH}:/opt/ros/humble /usr/bin/cmake /home/peishi/devel/planning_scene/src/moveit_resources/fanuc_description -DCMAKE_INSTALL_PREFIX=/home/peishi/devel/planning_scene/install/moveit_resources_fanuc_description
[0.093s] -- The C compiler identification is GNU 11.4.0
[0.141s] -- The CXX compiler identification is GNU 11.4.0
[0.147s] -- Detecting C compiler ABI info
[0.201s] -- Detecting C compiler ABI info - done
[0.206s] -- Check for working C compiler: /usr/bin/cc - skipped
[0.206s] -- Detecting C compile features
[0.207s] -- Detecting C compile features - done
[0.209s] -- Detecting CXX compiler ABI info
[0.281s] -- Detecting CXX compiler ABI info - done
[0.288s] -- Check for working CXX compiler: /usr/bin/c++ - skipped
[0.288s] -- Detecting CXX compile features
[0.289s] -- Detecting CXX compile features - done
[0.294s] -- Found ament_cmake: 1.3.9 (/opt/ros/humble/share/ament_cmake/cmake)
[0.425s] -- Found Python3: /usr/bin/python3 (found version "3.10.12") found components: Interpreter 
[0.571s] -- Configuring done
[0.572s] -- Generating done
[0.573s] -- Build files have been written to: /home/peishi/devel/planning_scene/build/moveit_resources_fanuc_description
[0.576s] Invoked command in '/home/peishi/devel/planning_scene/build/moveit_resources_fanuc_description' returned '0': CMAKE_PREFIX_PATH=${CMAKE_PREFIX_PATH}:/opt/ros/humble /usr/bin/cmake /home/peishi/devel/planning_scene/src/moveit_resources/fanuc_description -DCMAKE_INSTALL_PREFIX=/home/peishi/devel/planning_scene/install/moveit_resources_fanuc_description
[0.578s] Invoking command in '/home/peishi/devel/planning_scene/build/moveit_resources_fanuc_description': CMAKE_PREFIX_PATH=${CMAKE_PREFIX_PATH}:/opt/ros/humble /usr/bin/cmake --build /home/peishi/devel/planning_scene/build/moveit_resources_fanuc_description -- -j28 -l28
[0.603s] Invoked command in '/home/peishi/devel/planning_scene/build/moveit_resources_fanuc_description' returned '0': CMAKE_PREFIX_PATH=${CMAKE_PREFIX_PATH}:/opt/ros/humble /usr/bin/cmake --build /home/peishi/devel/planning_scene/build/moveit_resources_fanuc_description -- -j28 -l28
[0.633s] Invoking command in '/home/peishi/devel/planning_scene/build/moveit_resources_fanuc_description': CMAKE_PREFIX_PATH=${CMAKE_PREFIX_PATH}:/opt/ros/humble /usr/bin/cmake --install /home/peishi/devel/planning_scene/build/moveit_resources_fanuc_description
[0.639s] -- Install configuration: ""
[0.639s] -- Installing: /home/peishi/devel/planning_scene/install/moveit_resources_fanuc_description/share/ament_index/resource_index/package_run_dependencies/moveit_resources_fanuc_description
[0.639s] -- Installing: /home/peishi/devel/planning_scene/install/moveit_resources_fanuc_description/share/ament_index/resource_index/parent_prefix_path/moveit_resources_fanuc_description
[0.639s] -- Installing: /home/peishi/devel/planning_scene/install/moveit_resources_fanuc_description/share/moveit_resources_fanuc_description/environment/ament_prefix_path.sh
[0.640s] -- Installing: /home/peishi/devel/planning_scene/install/moveit_resources_fanuc_description/share/moveit_resources_fanuc_description/environment/ament_prefix_path.dsv
[0.640s] -- Installing: /home/peishi/devel/planning_scene/install/moveit_resources_fanuc_description/share/moveit_resources_fanuc_description/environment/path.sh
[0.640s] -- Installing: /home/peishi/devel/planning_scene/install/moveit_resources_fanuc_description/share/moveit_resources_fanuc_description/environment/path.dsv
[0.640s] -- Installing: /home/peishi/devel/planning_scene/install/moveit_resources_fanuc_description/share/moveit_resources_fanuc_description/local_setup.bash
[0.640s] -- Installing: /home/peishi/devel/planning_scene/install/moveit_resources_fanuc_description/share/moveit_resources_fanuc_description/local_setup.sh
[0.640s] -- Installing: /home/peishi/devel/planning_scene/install/moveit_resources_fanuc_description/share/moveit_resources_fanuc_description/local_setup.zsh
[0.640s] -- Installing: /home/peishi/devel/planning_scene/install/moveit_resources_fanuc_description/share/moveit_resources_fanuc_description/local_setup.dsv
[0.640s] -- Installing: /home/peishi/devel/planning_scene/install/moveit_resources_fanuc_description/share/moveit_resources_fanuc_description/package.dsv
[0.640s] -- Installing: /home/peishi/devel/planning_scene/install/moveit_resources_fanuc_description/share/ament_index/resource_index/packages/moveit_resources_fanuc_description
[0.640s] -- Installing: /home/peishi/devel/planning_scene/install/moveit_resources_fanuc_description/share/moveit_resources_fanuc_description/cmake/moveit_resources_fanuc_descriptionConfig.cmake
[0.640s] -- Installing: /home/peishi/devel/planning_scene/install/moveit_resources_fanuc_description/share/moveit_resources_fanuc_description/cmake/moveit_resources_fanuc_descriptionConfig-version.cmake
[0.641s] -- Installing: /home/peishi/devel/planning_scene/install/moveit_resources_fanuc_description/share/moveit_resources_fanuc_description/package.xml
[0.641s] -- Installing: /home/peishi/devel/planning_scene/install/moveit_resources_fanuc_description/share/moveit_resources_fanuc_description/meshes
[0.641s] -- Installing: /home/peishi/devel/planning_scene/install/moveit_resources_fanuc_description/share/moveit_resources_fanuc_description/meshes/collision
[0.641s] -- Installing: /home/peishi/devel/planning_scene/install/moveit_resources_fanuc_description/share/moveit_resources_fanuc_description/meshes/collision/link_6.stl
[0.641s] -- Installing: /home/peishi/devel/planning_scene/install/moveit_resources_fanuc_description/share/moveit_resources_fanuc_description/meshes/collision/base_link.stl
[0.641s] -- Installing: /home/peishi/devel/planning_scene/install/moveit_resources_fanuc_description/share/moveit_resources_fanuc_description/meshes/collision/link_4.stl
[0.641s] -- Installing: /home/peishi/devel/planning_scene/install/moveit_resources_fanuc_description/share/moveit_resources_fanuc_description/meshes/collision/link_3.stl
[0.641s] -- Installing: /home/peishi/devel/planning_scene/install/moveit_resources_fanuc_description/share/moveit_resources_fanuc_description/meshes/collision/link_5.stl
[0.641s] -- Installing: /home/peishi/devel/planning_scene/install/moveit_resources_fanuc_description/share/moveit_resources_fanuc_description/meshes/collision/link_2.stl
[0.641s] -- Installing: /home/peishi/devel/planning_scene/install/moveit_resources_fanuc_description/share/moveit_resources_fanuc_description/meshes/collision/link_1.stl
[0.641s] -- Installing: /home/peishi/devel/planning_scene/install/moveit_resources_fanuc_description/share/moveit_resources_fanuc_description/meshes/visual
[0.641s] -- Installing: /home/peishi/devel/planning_scene/install/moveit_resources_fanuc_description/share/moveit_resources_fanuc_description/meshes/visual/link_6.stl
[0.641s] -- Installing: /home/peishi/devel/planning_scene/install/moveit_resources_fanuc_description/share/moveit_resources_fanuc_description/meshes/visual/base_link.stl
[0.642s] -- Installing: /home/peishi/devel/planning_scene/install/moveit_resources_fanuc_description/share/moveit_resources_fanuc_description/meshes/visual/link_4.stl
[0.642s] -- Installing: /home/peishi/devel/planning_scene/install/moveit_resources_fanuc_description/share/moveit_resources_fanuc_description/meshes/visual/link_3.stl
[0.642s] -- Installing: /home/peishi/devel/planning_scene/install/moveit_resources_fanuc_description/share/moveit_resources_fanuc_description/meshes/visual/link_5.stl
[0.642s] -- Installing: /home/peishi/devel/planning_scene/install/moveit_resources_fanuc_description/share/moveit_resources_fanuc_description/meshes/visual/link_2.stl
[0.642s] -- Installing: /home/peishi/devel/planning_scene/install/moveit_resources_fanuc_description/share/moveit_resources_fanuc_description/meshes/visual/link_1.stl
[0.642s] -- Installing: /home/peishi/devel/planning_scene/install/moveit_resources_fanuc_description/share/moveit_resources_fanuc_description/urdf
[0.642s] -- Installing: /home/peishi/devel/planning_scene/install/moveit_resources_fanuc_description/share/moveit_resources_fanuc_description/urdf/fanuc.urdf
[0.646s] Invoked command in '/home/peishi/devel/planning_scene/build/moveit_resources_fanuc_description' returned '0': CMAKE_PREFIX_PATH=${CMAKE_PREFIX_PATH}:/opt/ros/humble /usr/bin/cmake --install /home/peishi/devel/planning_scene/build/moveit_resources_fanuc_description
