-- Install configuration: "Release"
-- Up-to-date: /home/peishi/devel/planning_scene/install/perception_pipeline/share/perception_pipeline/urdf
-- Up-to-date: /home/peishi/devel/planning_scene/install/perception_pipeline/share/perception_pipeline/urdf/realsense_d435
-- Up-to-date: /home/peishi/devel/planning_scene/install/perception_pipeline/share/perception_pipeline/urdf/realsense_d435/camera.urdf.xacro
-- Up-to-date: /home/peishi/devel/planning_scene/install/perception_pipeline/share/perception_pipeline/urdf/realsense_d435/macros.xacro
-- Up-to-date: /home/peishi/devel/planning_scene/install/perception_pipeline/share/perception_pipeline/launch
-- Up-to-date: /home/peishi/devel/planning_scene/install/perception_pipeline/share/perception_pipeline/launch/depth_camera_environment.launch.py
-- Up-to-date: /home/peishi/devel/planning_scene/install/perception_pipeline/share/perception_pipeline/launch/perception_pipeline_demo.launch.py
-- Up-to-date: /home/peishi/devel/planning_scene/install/perception_pipeline/share/perception_pipeline/meshes
-- Up-to-date: /home/peishi/devel/planning_scene/install/perception_pipeline/share/perception_pipeline/meshes/d435.dae
-- Up-to-date: /home/peishi/devel/planning_scene/install/perception_pipeline/share/perception_pipeline/config
-- Up-to-date: /home/peishi/devel/planning_scene/install/perception_pipeline/share/perception_pipeline/config/sensors_3d.yaml
-- Up-to-date: /home/peishi/devel/planning_scene/install/perception_pipeline/share/perception_pipeline/worlds
-- Up-to-date: /home/peishi/devel/planning_scene/install/perception_pipeline/share/perception_pipeline/worlds/perception_pipeline_demo.world
-- Up-to-date: /home/peishi/devel/planning_scene/install/perception_pipeline/share/perception_pipeline/rviz2
-- Up-to-date: /home/peishi/devel/planning_scene/install/perception_pipeline/share/perception_pipeline/rviz2/depth_camera_environment.rviz
-- Up-to-date: /home/peishi/devel/planning_scene/install/perception_pipeline/share/ament_index/resource_index/package_run_dependencies/perception_pipeline
-- Up-to-date: /home/peishi/devel/planning_scene/install/perception_pipeline/share/ament_index/resource_index/parent_prefix_path/perception_pipeline
-- Up-to-date: /home/peishi/devel/planning_scene/install/perception_pipeline/share/perception_pipeline/environment/ament_prefix_path.sh
-- Up-to-date: /home/peishi/devel/planning_scene/install/perception_pipeline/share/perception_pipeline/environment/ament_prefix_path.dsv
-- Up-to-date: /home/peishi/devel/planning_scene/install/perception_pipeline/share/perception_pipeline/environment/path.sh
-- Up-to-date: /home/peishi/devel/planning_scene/install/perception_pipeline/share/perception_pipeline/environment/path.dsv
-- Up-to-date: /home/peishi/devel/planning_scene/install/perception_pipeline/share/perception_pipeline/local_setup.bash
-- Up-to-date: /home/peishi/devel/planning_scene/install/perception_pipeline/share/perception_pipeline/local_setup.sh
-- Up-to-date: /home/peishi/devel/planning_scene/install/perception_pipeline/share/perception_pipeline/local_setup.zsh
-- Up-to-date: /home/peishi/devel/planning_scene/install/perception_pipeline/share/perception_pipeline/local_setup.dsv
-- Up-to-date: /home/peishi/devel/planning_scene/install/perception_pipeline/share/perception_pipeline/package.dsv
-- Up-to-date: /home/peishi/devel/planning_scene/install/perception_pipeline/share/ament_index/resource_index/packages/perception_pipeline
-- Up-to-date: /home/peishi/devel/planning_scene/install/perception_pipeline/share/perception_pipeline/cmake/ament_cmake_export_dependencies-extras.cmake
-- Up-to-date: /home/peishi/devel/planning_scene/install/perception_pipeline/share/perception_pipeline/cmake/perception_pipelineConfig.cmake
-- Up-to-date: /home/peishi/devel/planning_scene/install/perception_pipeline/share/perception_pipeline/cmake/perception_pipelineConfig-version.cmake
-- Up-to-date: /home/peishi/devel/planning_scene/install/perception_pipeline/share/perception_pipeline/package.xml
