[0.017s] Invoking command in '/home/peishi/devel/planning_scene/build/moveit_visual_tools': CMAKE_PREFIX_PATH=${CMAKE_PREFIX_PATH}:/opt/ros/humble /usr/bin/cmake /home/peishi/devel/planning_scene/src/moveit_visual_tools -DCMAKE_INSTALL_PREFIX=/home/peishi/devel/planning_scene/install/moveit_visual_tools
[0.089s] -- The C compiler identification is GNU 11.4.0
[0.140s] -- The CXX compiler identification is GNU 11.4.0
[0.146s] -- Detecting C compiler ABI info
[0.196s] -- Detecting C compiler ABI info - done
[0.202s] -- Check for working C compiler: /usr/bin/cc - skipped
[0.202s] -- Detecting C compile features
[0.202s] -- Detecting C compile features - done
[0.204s] -- Detecting CXX compiler ABI info
[0.274s] -- Detecting CXX compiler ABI info - done
[0.282s] -- Check for working CXX compiler: /usr/bin/c++ - skipped
[0.282s] -- Detecting CXX compile features
[0.282s] -- Detecting CXX compile features - done
[0.286s] -- Found moveit_common: 2.5.5 (/home/peishi/devel/ws_moveit2/install/moveit_common/share/moveit_common/cmake)
[0.290s] -- Found ament_cmake: 1.3.9 (/opt/ros/humble/share/ament_cmake/cmake)
[0.417s] -- Found Python3: /usr/bin/python3 (found version "3.10.12") found components: Interpreter 
[0.582s] -- Found libdw: /usr/lib/x86_64-linux-gnu/libdw.so  
[0.584s] -- Found libbfd: /usr/lib/x86_64-linux-gnu/libbfd.so  
[0.584s] -- BACKWARD_HAS_UNWIND=1
[0.584s] -- BACKWARD_HAS_BACKTRACE=0
[0.584s] -- BACKWARD_HAS_BACKTRACE_SYMBOL=0
[0.584s] -- BACKWARD_HAS_DW=1
[0.584s] -- BACKWARD_HAS_BFD=0
[0.585s] -- Found Backward: /opt/ros/humble/share/backward_ros/cmake  
[0.585s] [0mmoveit_visual_tools: You did not request a specific build type: Choosing 'Release' for maximum performance[0m
[0.602s] -- Found Boost: /usr/lib/x86_64-linux-gnu/cmake/Boost-1.74.0/BoostConfig.cmake (found version "1.74.0") found components: system 
[0.616s] -- Found geometry_msgs: 4.2.4 (/opt/ros/humble/share/geometry_msgs/cmake)
[0.678s] -- Found rosidl_generator_c: 3.1.5 (/opt/ros/humble/share/rosidl_generator_c/cmake)
[0.688s] -- Found rosidl_adapter: 3.1.5 (/opt/ros/humble/share/rosidl_adapter/cmake)
[0.701s] -- Found rosidl_generator_cpp: 3.1.5 (/opt/ros/humble/share/rosidl_generator_cpp/cmake)
[0.721s] -- Using all available rosidl_typesupport_c: rosidl_typesupport_fastrtps_c;rosidl_typesupport_introspection_c
[0.752s] -- Using all available rosidl_typesupport_cpp: rosidl_typesupport_fastrtps_cpp;rosidl_typesupport_introspection_cpp
[0.849s] -- Found graph_msgs: 0.2.0 (/opt/ros/humble/share/graph_msgs/cmake)
[0.913s] -- Found moveit_core: 2.5.5 (/home/peishi/devel/ws_moveit2/install/moveit_core/share/moveit_core/cmake)
[1.116s] -- Found Boost: /usr/lib/x86_64-linux-gnu/cmake/Boost-1.74.0/BoostConfig.cmake (found version "1.74.0") found components: chrono date_time filesystem iostreams program_options regex serialization system thread 
[1.195s] -- Found parameter_traits: 0.3.8 (/opt/ros/humble/share/parameter_traits/cmake)
[1.283s] -- Found rmw_implementation_cmake: 6.1.2 (/opt/ros/humble/share/rmw_implementation_cmake/cmake)
[1.289s] -- Found rmw_cyclonedds_cpp: 1.3.4 (/opt/ros/humble/share/rmw_cyclonedds_cpp/cmake)
[1.338s] -- Using RMW implementation 'rmw_cyclonedds_cpp' as default
[1.355s] -- Found Threads: TRUE  
[1.478s] -- Found Eigen3: TRUE (found version "3.4.0") 
[1.482s] -- Found rclcpp_lifecycle: 16.0.9 (/opt/ros/humble/share/rclcpp_lifecycle/cmake)
[1.530s] -- Found Boost: /usr/lib/x86_64-linux-gnu/cmake/Boost-1.74.0/BoostConfig.cmake (found version "1.74.0") found components: filesystem 
[1.650s] -- library: /usr/lib/x86_64-linux-gnu/libcurl.so
[1.895s] -- Ensuring Eigen3 include directory is part of orocos-kdl CMake target
[2.825s] -- Found moveit_ros_planning: 2.5.5 (/home/peishi/devel/ws_moveit2/install/moveit_ros_planning/share/moveit_ros_planning/cmake)
[2.830s] -- Found Boost: /usr/lib/x86_64-linux-gnu/cmake/Boost-1.74.0/BoostConfig.cmake (found version "1.74.0") found components: system filesystem date_time program_options thread chrono 
[3.156s] -- Found rviz_visual_tools: 4.1.4 (/opt/ros/humble/share/rviz_visual_tools/cmake)
[3.275s] -- Setting OGRE_DIR to: '/opt/ros/humble/share/rviz_ogre_vendor/cmake/../../../opt/rviz_ogre_vendor/lib/OGRE/cmake'
[3.276s] -- Found OGRE
[3.276s] --   static     : OFF
[3.276s] --   components : HLMS;MeshLodGenerator;Overlay;Paging;Property;RTShaderSystem;Terrain;Volume
[3.276s] --   plugins    : Plugin_BSPSceneManager;Plugin_OctreeSceneManager;Plugin_PCZSceneManager;Plugin_ParticleFX;RenderSystem_GL;RenderSystem_GL3Plus;Codec_STBI
[3.276s] --   media      : /opt/ros/humble/opt/rviz_ogre_vendor/share/OGRE/Media
[3.276s] -- OGRE_LIBRARIES: OgreHLMS;OgreMeshLodGenerator;OgreOverlay;OgrePaging;OgreProperty;OgreRTShaderSystem;OgreTerrain;OgreVolume;OgreMain
[3.276s] -- OGRE_LIBRARY_DIRS: /opt/ros/humble/opt/rviz_ogre_vendor/lib
[3.277s] -- OGRE_PLUGINS: Plugin_BSPSceneManager;Plugin_OctreeSceneManager;Plugin_PCZSceneManager;Plugin_ParticleFX;RenderSystem_GL;RenderSystem_GL3Plus;Codec_STBI
[3.277s] -- OGRE_PLUGIN_DIR: /opt/ros/humble/opt/rviz_ogre_vendor/lib/OGRE
[3.277s] -- rviz_ogre_vendor::OgreOverlay for IMPORTED_LOCATION_RELEASE: /opt/ros/humble/opt/rviz_ogre_vendor/lib/libOgreOverlay.so
[3.277s] -- rviz_ogre_vendor::OgreOverlay for IMPORTED_LOCATION_DEBUG: /opt/ros/humble/opt/rviz_ogre_vendor/lib/libOgreOverlay.so
[3.277s] -- rviz_ogre_vendor::OgreMain for IMPORTED_LOCATION_RELEASE: /opt/ros/humble/opt/rviz_ogre_vendor/lib/libOgreMain.so
[3.277s] -- rviz_ogre_vendor::OgreMain for IMPORTED_LOCATION_DEBUG: /opt/ros/humble/opt/rviz_ogre_vendor/lib/libOgreMain.so
[3.296s] -- Found ZLIB: /usr/lib/x86_64-linux-gnu/libz.so (found version "1.2.11") 
[3.303s] -- Found OpenGL: /usr/lib/x86_64-linux-gnu/libOpenGL.so   
[3.437s] -- Found X11: /usr/include   
[3.438s] -- Looking for XOpenDisplay in /usr/lib/x86_64-linux-gnu/libX11.so;/usr/lib/x86_64-linux-gnu/libXext.so
[3.548s] -- Looking for XOpenDisplay in /usr/lib/x86_64-linux-gnu/libX11.so;/usr/lib/x86_64-linux-gnu/libXext.so - found
[3.549s] -- Looking for gethostbyname
[3.640s] -- Looking for gethostbyname - found
[3.640s] -- Looking for connect
[3.745s] -- Looking for connect - found
[3.745s] -- Looking for remove
[3.847s] -- Looking for remove - found
[3.847s] -- Looking for shmat
[3.945s] -- Looking for shmat - found
[3.945s] -- Looking for IceConnectionNumber in ICE
[4.043s] -- Looking for IceConnectionNumber in ICE - found
[4.045s] -- rviz_ogre_vendor::RenderSystem_GL for IMPORTED_LOCATION_RELEASE: _render_system_gl_static_library_abs-NOTFOUND
[4.045s] -- rviz_ogre_vendor::RenderSystem_GL for IMPORTED_LOCATION_DEBUG: _render_system_gl_static_library_abs-NOTFOUND
[4.504s] -- Found ament_lint_auto: 0.12.11 (/opt/ros/humble/share/ament_lint_auto/cmake)
[4.538s] -- Added test 'copyright' to check source files copyright and LICENSE
[4.540s] -- Added test 'flake8' to check Python code syntax and style conventions
[4.541s] -- Added test 'lint_cmake' to check CMake code style
[4.542s] -- Added test 'pep257' to check Python code against some of the docstring style conventions in PEP 257
[4.543s] -- Added test 'xmllint' to check XML markup files
[4.545s] -- Configuring done
[4.578s] -- Generating done
[4.579s] -- Build files have been written to: /home/peishi/devel/planning_scene/build/moveit_visual_tools
[4.588s] Invoked command in '/home/peishi/devel/planning_scene/build/moveit_visual_tools' returned '0': CMAKE_PREFIX_PATH=${CMAKE_PREFIX_PATH}:/opt/ros/humble /usr/bin/cmake /home/peishi/devel/planning_scene/src/moveit_visual_tools -DCMAKE_INSTALL_PREFIX=/home/peishi/devel/planning_scene/install/moveit_visual_tools
[4.589s] Invoking command in '/home/peishi/devel/planning_scene/build/moveit_visual_tools': CMAKE_PREFIX_PATH=${CMAKE_PREFIX_PATH}:/opt/ros/humble /usr/bin/cmake --build /home/peishi/devel/planning_scene/build/moveit_visual_tools -- -j28 -l28
[4.651s] [ 33%] [32mBuilding CXX object CMakeFiles/moveit_visual_tools.dir/src/imarker_robot_state.cpp.o[0m
[4.651s] [ 33%] [32mBuilding CXX object CMakeFiles/moveit_visual_tools.dir/src/imarker_end_effector.cpp.o[0m
[4.651s] [ 50%] [32mBuilding CXX object CMakeFiles/moveit_visual_tools.dir/src/moveit_visual_tools.cpp.o[0m
[16.260s] [ 66%] [32m[1mLinking CXX shared library libmoveit_visual_tools.so[0m
[17.574s] [ 66%] Built target moveit_visual_tools
[17.596s] [ 83%] [32mBuilding CXX object CMakeFiles/moveit_visual_tools_demo.dir/src/moveit_visual_tools_demo.cpp.o[0m
[24.739s] [100%] [32m[1mLinking CXX executable moveit_visual_tools_demo[0m
[25.479s] [100%] Built target moveit_visual_tools_demo
[25.492s] Invoked command in '/home/peishi/devel/planning_scene/build/moveit_visual_tools' returned '0': CMAKE_PREFIX_PATH=${CMAKE_PREFIX_PATH}:/opt/ros/humble /usr/bin/cmake --build /home/peishi/devel/planning_scene/build/moveit_visual_tools -- -j28 -l28
[25.544s] Invoking command in '/home/peishi/devel/planning_scene/build/moveit_visual_tools': CMAKE_PREFIX_PATH=${CMAKE_PREFIX_PATH}:/opt/ros/humble /usr/bin/cmake --install /home/peishi/devel/planning_scene/build/moveit_visual_tools
[25.552s] -- Install configuration: "Release"
[25.552s] -- Installing: /home/peishi/devel/planning_scene/install/moveit_visual_tools/share/moveit_visual_tools/environment/library_path.sh
[25.552s] -- Installing: /home/peishi/devel/planning_scene/install/moveit_visual_tools/share/moveit_visual_tools/environment/library_path.dsv
[25.552s] -- Installing: /home/peishi/devel/planning_scene/install/moveit_visual_tools/lib/libmoveit_visual_tools.so
[25.553s] -- Set runtime path of "/home/peishi/devel/planning_scene/install/moveit_visual_tools/lib/libmoveit_visual_tools.so" to ""
[25.553s] -- Installing: /home/peishi/devel/planning_scene/install/moveit_visual_tools/lib/moveit_visual_tools/moveit_visual_tools_demo
[25.554s] -- Set runtime path of "/home/peishi/devel/planning_scene/install/moveit_visual_tools/lib/moveit_visual_tools/moveit_visual_tools_demo" to ""
[25.554s] -- Installing: /home/peishi/devel/planning_scene/install/moveit_visual_tools/include
[25.554s] -- Installing: /home/peishi/devel/planning_scene/install/moveit_visual_tools/include/moveit_visual_tools
[25.554s] -- Installing: /home/peishi/devel/planning_scene/install/moveit_visual_tools/include/moveit_visual_tools/imarker_end_effector.h
[25.554s] -- Installing: /home/peishi/devel/planning_scene/install/moveit_visual_tools/include/moveit_visual_tools/moveit_visual_tools.h
[25.555s] -- Installing: /home/peishi/devel/planning_scene/install/moveit_visual_tools/include/moveit_visual_tools/imarker_robot_state.h
[25.555s] -- Installing: /home/peishi/devel/planning_scene/install/moveit_visual_tools/share/moveit_visual_tools/launch
[25.555s] -- Installing: /home/peishi/devel/planning_scene/install/moveit_visual_tools/share/moveit_visual_tools/launch/demo.rviz
[25.555s] -- Installing: /home/peishi/devel/planning_scene/install/moveit_visual_tools/share/moveit_visual_tools/launch/demo_rviz.launch.py
[25.555s] -- Installing: /home/peishi/devel/planning_scene/install/moveit_visual_tools/share/moveit_visual_tools/resources
[25.555s] -- Installing: /home/peishi/devel/planning_scene/install/moveit_visual_tools/share/moveit_visual_tools/resources/rrbot.urdf
[25.555s] -- Installing: /home/peishi/devel/planning_scene/install/moveit_visual_tools/share/moveit_visual_tools/resources/screenshot.png
[25.555s] -- Installing: /home/peishi/devel/planning_scene/install/moveit_visual_tools/share/moveit_visual_tools/resources/rrbot.srdf
[25.555s] -- Installing: /home/peishi/devel/planning_scene/install/moveit_visual_tools/share/moveit_visual_tools/resources/demo.png
[25.555s] -- Installing: /home/peishi/devel/planning_scene/install/moveit_visual_tools/share/moveit_visual_tools/resources/demo_mesh.stl
[25.555s] -- Installing: /home/peishi/devel/planning_scene/install/moveit_visual_tools/share/ament_index/resource_index/package_run_dependencies/moveit_visual_tools
[25.555s] -- Installing: /home/peishi/devel/planning_scene/install/moveit_visual_tools/share/ament_index/resource_index/parent_prefix_path/moveit_visual_tools
[25.555s] -- Installing: /home/peishi/devel/planning_scene/install/moveit_visual_tools/share/moveit_visual_tools/environment/ament_prefix_path.sh
[25.555s] -- Installing: /home/peishi/devel/planning_scene/install/moveit_visual_tools/share/moveit_visual_tools/environment/ament_prefix_path.dsv
[25.555s] -- Installing: /home/peishi/devel/planning_scene/install/moveit_visual_tools/share/moveit_visual_tools/environment/path.sh
[25.555s] -- Installing: /home/peishi/devel/planning_scene/install/moveit_visual_tools/share/moveit_visual_tools/environment/path.dsv
[25.555s] -- Installing: /home/peishi/devel/planning_scene/install/moveit_visual_tools/share/moveit_visual_tools/local_setup.bash
[25.555s] -- Installing: /home/peishi/devel/planning_scene/install/moveit_visual_tools/share/moveit_visual_tools/local_setup.sh
[25.555s] -- Installing: /home/peishi/devel/planning_scene/install/moveit_visual_tools/share/moveit_visual_tools/local_setup.zsh
[25.556s] -- Installing: /home/peishi/devel/planning_scene/install/moveit_visual_tools/share/moveit_visual_tools/local_setup.dsv
[25.556s] -- Installing: /home/peishi/devel/planning_scene/install/moveit_visual_tools/share/moveit_visual_tools/package.dsv
[25.556s] -- Installing: /home/peishi/devel/planning_scene/install/moveit_visual_tools/share/ament_index/resource_index/packages/moveit_visual_tools
[25.556s] -- Installing: /home/peishi/devel/planning_scene/install/moveit_visual_tools/share/moveit_visual_tools/cmake/export_moveit_visual_toolsExport.cmake
[25.556s] -- Installing: /home/peishi/devel/planning_scene/install/moveit_visual_tools/share/moveit_visual_tools/cmake/export_moveit_visual_toolsExport-release.cmake
[25.556s] -- Installing: /home/peishi/devel/planning_scene/install/moveit_visual_tools/share/moveit_visual_tools/cmake/ament_cmake_export_targets-extras.cmake
[25.556s] -- Installing: /home/peishi/devel/planning_scene/install/moveit_visual_tools/share/moveit_visual_tools/cmake/ament_cmake_export_dependencies-extras.cmake
[25.556s] -- Installing: /home/peishi/devel/planning_scene/install/moveit_visual_tools/share/moveit_visual_tools/cmake/moveit_visual_toolsConfig.cmake
[25.556s] -- Installing: /home/peishi/devel/planning_scene/install/moveit_visual_tools/share/moveit_visual_tools/cmake/moveit_visual_toolsConfig-version.cmake
[25.556s] -- Installing: /home/peishi/devel/planning_scene/install/moveit_visual_tools/share/moveit_visual_tools/package.xml
[25.559s] Invoked command in '/home/peishi/devel/planning_scene/build/moveit_visual_tools' returned '0': CMAKE_PREFIX_PATH=${CMAKE_PREFIX_PATH}:/opt/ros/humble /usr/bin/cmake --install /home/peishi/devel/planning_scene/build/moveit_visual_tools
